2010/11/04 19:43:43 [error] [exception.CHttpException.404] exception 'CHttpException' with message 'Unable to resolve the request "site/login".' in /Users/aaron/Sites/yii-1.1.4.r2429/framework/web/CWebApplication.php:328
Stack trace:
#0 /Users/aaron/Sites/yii-1.1.4.r2429/framework/web/CWebApplication.php(121): CWebApplication->runController('site/login')
#1 /Users/aaron/Sites/yii-1.1.4.r2429/framework/base/CApplication.php(135): CWebApplication->processRequest()
#2 /Users/aaron/Projekte/MA_MusikDB/musikdb/backend.php(12): CApplication->run()
#3 {main} REQUEST_URI=/Sites/musikdb/backend.php?r=site/login
2010/11/04 19:50:52 [error] [exception.CHttpException.404] exception 'CHttpException' with message 'The system is unable to find the requested action "login".' in /Users/aaron/Sites/yii-1.1.4.r2429/framework/web/CController.php:439
Stack trace:
#0 /Users/aaron/Sites/yii-1.1.4.r2429/framework/web/CController.php(262): CController->missingAction('login')
#1 /Users/aaron/Sites/yii-1.1.4.r2429/framework/web/CWebApplication.php(324): CController->run('login')
#2 /Users/aaron/Sites/yii-1.1.4.r2429/framework/web/CWebApplication.php(121): CWebApplication->runController('site/login')
#3 /Users/aaron/Sites/yii-1.1.4.r2429/framework/base/CApplication.php(135): CWebApplication->processRequest()
#4 /Users/aaron/Projekte/MA_MusikDB/musikdb/backend.php(12): CApplication->run()
#5 {main} REQUEST_URI=/Sites/musikdb/backend.php?r=site/login
2010/11/04 19:51:00 [error] [exception.CHttpException.404] exception 'CHttpException' with message 'The system is unable to find the requested action "login".' in /Users/aaron/Sites/yii-1.1.4.r2429/framework/web/CController.php:439
Stack trace:
#0 /Users/aaron/Sites/yii-1.1.4.r2429/framework/web/CController.php(262): CController->missingAction('login')
#1 /Users/aaron/Sites/yii-1.1.4.r2429/framework/web/CWebApplication.php(324): CController->run('login')
#2 /Users/aaron/Sites/yii-1.1.4.r2429/framework/web/CWebApplication.php(121): CWebApplication->runController('site/login')
#3 /Users/aaron/Sites/yii-1.1.4.r2429/framework/base/CApplication.php(135): CWebApplication->processRequest()
#4 /Users/aaron/Projekte/MA_MusikDB/musikdb/backend.php(12): CApplication->run()
#5 {main} REQUEST_URI=/Sites/musikdb/backend.php?r=site/login
2010/11/04 19:51:03 [error] [exception.CHttpException.404] exception 'CHttpException' with message 'The system is unable to find the requested action "index".' in /Users/aaron/Sites/yii-1.1.4.r2429/framework/web/CController.php:439
Stack trace:
#0 /Users/aaron/Sites/yii-1.1.4.r2429/framework/web/CController.php(262): CController->missingAction('')
#1 /Users/aaron/Sites/yii-1.1.4.r2429/framework/web/CWebApplication.php(324): CController->run('')
#2 /Users/aaron/Sites/yii-1.1.4.r2429/framework/web/CWebApplication.php(121): CWebApplication->runController('')
#3 /Users/aaron/Sites/yii-1.1.4.r2429/framework/base/CApplication.php(135): CWebApplication->processRequest()
#4 /Users/aaron/Projekte/MA_MusikDB/musikdb/backend.php(12): CApplication->run()
#5 {main} REQUEST_URI=/Sites/musikdb/backend.php
2010/11/04 19:53:03 [error] [exception.CException] exception 'CException' with message 'Property "CWebUser.isAdmin" is not defined.' in /Users/aaron/Sites/yii-1.1.4.r2429/framework/base/CComponent.php:131
Stack trace:
#0 /Users/aaron/Sites/yii-1.1.4.r2429/framework/web/auth/CWebUser.php(108): CComponent->__get('isAdmin')
#1 /Users/aaron/Sites/yii-1.1.4.r2429/framework/base/CComponent.php(264): CWebUser->__get('isAdmin')
#2 [internal function]: CComponent->__call('isAdmin', Array)
#3 /Users/aaron/Sites/yii-1.1.4.r2429/framework/base/CComponent.php(616) : eval()'d code(1): CWebUser->isAdmin()
#4 /Users/aaron/Sites/yii-1.1.4.r2429/framework/base/CComponent.php(616): eval()
#5 /Users/aaron/Sites/yii-1.1.4.r2429/framework/web/auth/CAccessControlFilter.php(337): CComponent->evaluateExpression('$user->isAdmin(...', Array)
#6 /Users/aaron/Sites/yii-1.1.4.r2429/framework/web/auth/CAccessControlFilter.php(240): CAccessRule->isExpressionMatched(Object(CWebUser))
#7 /Users/aaron/Sites/yii-1.1.4.r2429/framework/web/auth/CAccessControlFilter.php(111): CAccessRule->isUserAllowed(Object(CWebUser), Object(SiteController), Object(CInlineAction), '::1', 'GET')
#8 /Users/aaron/Sites/yii-1.1.4.r2429/framework/web/filters/CFilter.php(39): CAccessControlFilter->preFilter(Object(CFilterChain))
#9 /Users/aaron/Sites/yii-1.1.4.r2429/framework/web/CController.php(1049): CFilter->filter(Object(CFilterChain))
#10 /Users/aaron/Sites/yii-1.1.4.r2429/framework/web/filters/CInlineFilter.php(59): CController->filterAccessControl(Object(CFilterChain))
#11 /Users/aaron/Sites/yii-1.1.4.r2429/framework/web/filters/CFilterChain.php(130): CInlineFilter->filter(Object(CFilterChain))
#12 /Users/aaron/Sites/yii-1.1.4.r2429/framework/web/CController.php(283): CFilterChain->run()
#13 /Users/aaron/Sites/yii-1.1.4.r2429/framework/web/CController.php(257): CController->runActionWithFilters(Object(CInlineAction), Array)
#14 /Users/aaron/Sites/yii-1.1.4.r2429/framework/web/CWebApplication.php(324): CController->run('')
#15 /Users/aaron/Sites/yii-1.1.4.r2429/framework/web/CWebApplication.php(121): CWebApplication->runController('')
#16 /Users/aaron/Sites/yii-1.1.4.r2429/framework/base/CApplication.php(135): CWebApplication->processRequest()
#17 /Users/aaron/Projekte/MA_MusikDB/musikdb/backend.php(12): CApplication->run()
#18 {main} REQUEST_URI=/Sites/musikdb/backend.php
2010/11/04 19:56:11 [error] [exception.CException] exception 'CException' with message 'Property "CWebUser.isAdmin" is not defined.' in /Users/aaron/Sites/yii-1.1.4.r2429/framework/base/CComponent.php:131
Stack trace:
#0 /Users/aaron/Sites/yii-1.1.4.r2429/framework/web/auth/CWebUser.php(108): CComponent->__get('isAdmin')
#1 /Users/aaron/Sites/yii-1.1.4.r2429/framework/base/CComponent.php(264): CWebUser->__get('isAdmin')
#2 [internal function]: CComponent->__call('isAdmin', Array)
#3 /Users/aaron/Sites/yii-1.1.4.r2429/framework/base/CComponent.php(616) : eval()'d code(1): CWebUser->isAdmin()
#4 /Users/aaron/Sites/yii-1.1.4.r2429/framework/base/CComponent.php(616): eval()
#5 /Users/aaron/Sites/yii-1.1.4.r2429/framework/web/auth/CAccessControlFilter.php(337): CComponent->evaluateExpression('$user->isAdmin(...', Array)
#6 /Users/aaron/Sites/yii-1.1.4.r2429/framework/web/auth/CAccessControlFilter.php(240): CAccessRule->isExpressionMatched(Object(CWebUser))
#7 /Users/aaron/Sites/yii-1.1.4.r2429/framework/web/auth/CAccessControlFilter.php(111): CAccessRule->isUserAllowed(Object(CWebUser), Object(SiteController), Object(CInlineAction), '::1', 'GET')
#8 /Users/aaron/Sites/yii-1.1.4.r2429/framework/web/filters/CFilter.php(39): CAccessControlFilter->preFilter(Object(CFilterChain))
#9 /Users/aaron/Sites/yii-1.1.4.r2429/framework/web/CController.php(1049): CFilter->filter(Object(CFilterChain))
#10 /Users/aaron/Sites/yii-1.1.4.r2429/framework/web/filters/CInlineFilter.php(59): CController->filterAccessControl(Object(CFilterChain))
#11 /Users/aaron/Sites/yii-1.1.4.r2429/framework/web/filters/CFilterChain.php(130): CInlineFilter->filter(Object(CFilterChain))
#12 /Users/aaron/Sites/yii-1.1.4.r2429/framework/web/CController.php(283): CFilterChain->run()
#13 /Users/aaron/Sites/yii-1.1.4.r2429/framework/web/CController.php(257): CController->runActionWithFilters(Object(CInlineAction), Array)
#14 /Users/aaron/Sites/yii-1.1.4.r2429/framework/web/CWebApplication.php(324): CController->run('')
#15 /Users/aaron/Sites/yii-1.1.4.r2429/framework/web/CWebApplication.php(121): CWebApplication->runController('')
#16 /Users/aaron/Sites/yii-1.1.4.r2429/framework/base/CApplication.php(135): CWebApplication->processRequest()
#17 /Users/aaron/Projekte/MA_MusikDB/musikdb/backend.php(12): CApplication->run()
#18 {main} REQUEST_URI=/Sites/musikdb/backend.php
2010/11/04 19:59:53 [error] [exception.CException] exception 'CException' with message 'Property "CWebUser.isAdmin" is not defined.' in /Users/aaron/Sites/yii-1.1.4.r2429/framework/base/CComponent.php:131
Stack trace:
#0 /Users/aaron/Sites/yii-1.1.4.r2429/framework/web/auth/CWebUser.php(108): CComponent->__get('isAdmin')
#1 /Users/aaron/Sites/yii-1.1.4.r2429/framework/base/CComponent.php(264): CWebUser->__get('isAdmin')
#2 [internal function]: CComponent->__call('isAdmin', Array)
#3 /Users/aaron/Sites/yii-1.1.4.r2429/framework/base/CComponent.php(616) : eval()'d code(1): CWebUser->isAdmin()
#4 /Users/aaron/Sites/yii-1.1.4.r2429/framework/base/CComponent.php(616): eval()
#5 /Users/aaron/Sites/yii-1.1.4.r2429/framework/web/auth/CAccessControlFilter.php(337): CComponent->evaluateExpression('$user->isAdmin(...', Array)
#6 /Users/aaron/Sites/yii-1.1.4.r2429/framework/web/auth/CAccessControlFilter.php(240): CAccessRule->isExpressionMatched(Object(CWebUser))
#7 /Users/aaron/Sites/yii-1.1.4.r2429/framework/web/auth/CAccessControlFilter.php(111): CAccessRule->isUserAllowed(Object(CWebUser), Object(SiteController), Object(CInlineAction), '::1', 'GET')
#8 /Users/aaron/Sites/yii-1.1.4.r2429/framework/web/filters/CFilter.php(39): CAccessControlFilter->preFilter(Object(CFilterChain))
#9 /Users/aaron/Sites/yii-1.1.4.r2429/framework/web/CController.php(1049): CFilter->filter(Object(CFilterChain))
#10 /Users/aaron/Sites/yii-1.1.4.r2429/framework/web/filters/CInlineFilter.php(59): CController->filterAccessControl(Object(CFilterChain))
#11 /Users/aaron/Sites/yii-1.1.4.r2429/framework/web/filters/CFilterChain.php(130): CInlineFilter->filter(Object(CFilterChain))
#12 /Users/aaron/Sites/yii-1.1.4.r2429/framework/web/CController.php(283): CFilterChain->run()
#13 /Users/aaron/Sites/yii-1.1.4.r2429/framework/web/CController.php(257): CController->runActionWithFilters(Object(CInlineAction), Array)
#14 /Users/aaron/Sites/yii-1.1.4.r2429/framework/web/CWebApplication.php(324): CController->run('')
#15 /Users/aaron/Sites/yii-1.1.4.r2429/framework/web/CWebApplication.php(121): CWebApplication->runController('')
#16 /Users/aaron/Sites/yii-1.1.4.r2429/framework/base/CApplication.php(135): CWebApplication->processRequest()
#17 /Users/aaron/Projekte/MA_MusikDB/musikdb/backend.php(12): CApplication->run()
#18 {main} REQUEST_URI=/Sites/musikdb/backend.php
2010/11/04 20:02:34 [error] [exception.CException] exception 'CException' with message 'Property "CWebUser.isAdmin" is not defined.' in /Users/aaron/Sites/yii-1.1.4.r2429/framework/base/CComponent.php:131
Stack trace:
#0 /Users/aaron/Sites/yii-1.1.4.r2429/framework/web/auth/CWebUser.php(108): CComponent->__get('isAdmin')
#1 /Users/aaron/Sites/yii-1.1.4.r2429/framework/base/CComponent.php(264): CWebUser->__get('isAdmin')
#2 [internal function]: CComponent->__call('isAdmin', Array)
#3 /Users/aaron/Sites/yii-1.1.4.r2429/framework/base/CComponent.php(616) : eval()'d code(1): CWebUser->isAdmin()
#4 /Users/aaron/Sites/yii-1.1.4.r2429/framework/base/CComponent.php(616): eval()
#5 /Users/aaron/Sites/yii-1.1.4.r2429/framework/web/auth/CAccessControlFilter.php(337): CComponent->evaluateExpression('$user->isAdmin(...', Array)
#6 /Users/aaron/Sites/yii-1.1.4.r2429/framework/web/auth/CAccessControlFilter.php(240): CAccessRule->isExpressionMatched(Object(CWebUser))
#7 /Users/aaron/Sites/yii-1.1.4.r2429/framework/web/auth/CAccessControlFilter.php(111): CAccessRule->isUserAllowed(Object(CWebUser), Object(SiteController), Object(CInlineAction), '::1', 'GET')
#8 /Users/aaron/Sites/yii-1.1.4.r2429/framework/web/filters/CFilter.php(39): CAccessControlFilter->preFilter(Object(CFilterChain))
#9 /Users/aaron/Sites/yii-1.1.4.r2429/framework/web/CController.php(1049): CFilter->filter(Object(CFilterChain))
#10 /Users/aaron/Sites/yii-1.1.4.r2429/framework/web/filters/CInlineFilter.php(59): CController->filterAccessControl(Object(CFilterChain))
#11 /Users/aaron/Sites/yii-1.1.4.r2429/framework/web/filters/CFilterChain.php(130): CInlineFilter->filter(Object(CFilterChain))
#12 /Users/aaron/Sites/yii-1.1.4.r2429/framework/web/CController.php(283): CFilterChain->run()
#13 /Users/aaron/Sites/yii-1.1.4.r2429/framework/web/CController.php(257): CController->runActionWithFilters(Object(CInlineAction), Array)
#14 /Users/aaron/Sites/yii-1.1.4.r2429/framework/web/CWebApplication.php(324): CController->run('')
#15 /Users/aaron/Sites/yii-1.1.4.r2429/framework/web/CWebApplication.php(121): CWebApplication->runController('')
#16 /Users/aaron/Sites/yii-1.1.4.r2429/framework/base/CApplication.php(135): CWebApplication->processRequest()
#17 /Users/aaron/Projekte/MA_MusikDB/musikdb/backend.php(12): CApplication->run()
#18 {main} REQUEST_URI=/Sites/musikdb/backend.php
2010/11/04 20:05:57 [error] [php] Trying to get property of non-object (/Users/aaron/Projekte/MA_MusikDB/musikdb/protected/components/WebUser.php:10)
Stack trace:
#0 /Users/aaron/Sites/yii-1.1.4.r2429/framework/web/auth/CAccessControlFilter.php(337): CAccessRule->evaluateExpression()
#1 /Users/aaron/Sites/yii-1.1.4.r2429/framework/web/auth/CAccessControlFilter.php(240): CAccessRule->isExpressionMatched()
#2 /Users/aaron/Sites/yii-1.1.4.r2429/framework/web/auth/CAccessControlFilter.php(111): CAccessRule->isUserAllowed()
#3 /Users/aaron/Sites/yii-1.1.4.r2429/framework/web/filters/CFilter.php(39): CAccessControlFilter->preFilter()
#4 /Users/aaron/Sites/yii-1.1.4.r2429/framework/web/CController.php(1049): CAccessControlFilter->filter()
#5 /Users/aaron/Sites/yii-1.1.4.r2429/framework/web/filters/CInlineFilter.php(59): SiteController->filterAccessControl()
#6 /Users/aaron/Sites/yii-1.1.4.r2429/framework/web/filters/CFilterChain.php(130): CInlineFilter->filter()
#7 /Users/aaron/Sites/yii-1.1.4.r2429/framework/web/CController.php(283): CFilterChain->run()
#8 /Users/aaron/Sites/yii-1.1.4.r2429/framework/web/CController.php(257): SiteController->runActionWithFilters()
#9 /Users/aaron/Sites/yii-1.1.4.r2429/framework/web/CWebApplication.php(324): SiteController->run()
#10 /Users/aaron/Sites/yii-1.1.4.r2429/framework/web/CWebApplication.php(121): CWebApplication->runController()
#11 /Users/aaron/Sites/yii-1.1.4.r2429/framework/base/CApplication.php(135): CWebApplication->processRequest()
#12 /Users/aaron/Projekte/MA_MusikDB/musikdb/backend.php(12): CWebApplication->run()
REQUEST_URI=/Sites/musikdb/backend.php
in /Users/aaron/Projekte/MA_MusikDB/musikdb/protected/components/WebUser.php (10)
in /Users/aaron/Sites/yii-1.1.4.r2429/framework/base/CComponent.php(616) : eval()'d code (1)
in /Users/aaron/Projekte/MA_MusikDB/musikdb/backend.php (12)
2010/11/04 20:08:16 [error] [exception.CHttpException.404] exception 'CHttpException' with message 'The system is unable to find the requested action "login".' in /Users/aaron/Sites/yii-1.1.4.r2429/framework/web/CController.php:439
Stack trace:
#0 /Users/aaron/Sites/yii-1.1.4.r2429/framework/web/CController.php(262): CController->missingAction('login')
#1 /Users/aaron/Sites/yii-1.1.4.r2429/framework/web/CWebApplication.php(324): CController->run('login')
#2 /Users/aaron/Sites/yii-1.1.4.r2429/framework/web/CWebApplication.php(121): CWebApplication->runController('site/login')
#3 /Users/aaron/Sites/yii-1.1.4.r2429/framework/base/CApplication.php(135): CWebApplication->processRequest()
#4 /Users/aaron/Projekte/MA_MusikDB/musikdb/backend.php(12): CApplication->run()
#5 {main} REQUEST_URI=/Sites/musikdb/backend.php?r=site/login
2010/11/04 20:14:10 [error] [exception.CHttpException.403] exception 'CHttpException' with message 'You are not authorized to perform this action.' in /Users/aaron/Sites/yii-1.1.4.r2429/framework/web/auth/CAccessControlFilter.php:153
Stack trace:
#0 /Users/aaron/Sites/yii-1.1.4.r2429/framework/web/auth/CAccessControlFilter.php(115): CAccessControlFilter->accessDenied(Object(WebUser), 'You are not aut...')
#1 /Users/aaron/Sites/yii-1.1.4.r2429/framework/web/filters/CFilter.php(39): CAccessControlFilter->preFilter(Object(CFilterChain))
#2 /Users/aaron/Sites/yii-1.1.4.r2429/framework/web/CController.php(1049): CFilter->filter(Object(CFilterChain))
#3 /Users/aaron/Sites/yii-1.1.4.r2429/framework/web/filters/CInlineFilter.php(59): CController->filterAccessControl(Object(CFilterChain))
#4 /Users/aaron/Sites/yii-1.1.4.r2429/framework/web/filters/CFilterChain.php(130): CInlineFilter->filter(Object(CFilterChain))
#5 /Users/aaron/Sites/yii-1.1.4.r2429/framework/web/CController.php(283): CFilterChain->run()
#6 /Users/aaron/Sites/yii-1.1.4.r2429/framework/web/CController.php(257): CController->runActionWithFilters(Object(CInlineAction), Array)
#7 /Users/aaron/Sites/yii-1.1.4.r2429/framework/web/CWebApplication.php(324): CController->run('')
#8 /Users/aaron/Sites/yii-1.1.4.r2429/framework/web/CWebApplication.php(121): CWebApplication->runController('')
#9 /Users/aaron/Sites/yii-1.1.4.r2429/framework/base/CApplication.php(135): CWebApplication->processRequest()
#10 /Users/aaron/Projekte/MA_MusikDB/musikdb/backend.php(12): CApplication->run()
#11 {main} REQUEST_URI=/Sites/musikdb/backend.php
2010/11/04 20:14:20 [error] [exception.CHttpException.403] exception 'CHttpException' with message 'You are not authorized to perform this action.' in /Users/aaron/Sites/yii-1.1.4.r2429/framework/web/auth/CAccessControlFilter.php:153
Stack trace:
#0 /Users/aaron/Sites/yii-1.1.4.r2429/framework/web/auth/CAccessControlFilter.php(115): CAccessControlFilter->accessDenied(Object(WebUser), 'You are not aut...')
#1 /Users/aaron/Sites/yii-1.1.4.r2429/framework/web/filters/CFilter.php(39): CAccessControlFilter->preFilter(Object(CFilterChain))
#2 /Users/aaron/Sites/yii-1.1.4.r2429/framework/web/CController.php(1049): CFilter->filter(Object(CFilterChain))
#3 /Users/aaron/Sites/yii-1.1.4.r2429/framework/web/filters/CInlineFilter.php(59): CController->filterAccessControl(Object(CFilterChain))
#4 /Users/aaron/Sites/yii-1.1.4.r2429/framework/web/filters/CFilterChain.php(130): CInlineFilter->filter(Object(CFilterChain))
#5 /Users/aaron/Sites/yii-1.1.4.r2429/framework/web/CController.php(283): CFilterChain->run()
#6 /Users/aaron/Sites/yii-1.1.4.r2429/framework/web/CController.php(257): CController->runActionWithFilters(Object(CInlineAction), Array)
#7 /Users/aaron/Sites/yii-1.1.4.r2429/framework/web/CWebApplication.php(324): CController->run('')
#8 /Users/aaron/Sites/yii-1.1.4.r2429/framework/web/CWebApplication.php(121): CWebApplication->runController('releaseLogEntry')
#9 /Users/aaron/Sites/yii-1.1.4.r2429/framework/base/CApplication.php(135): CWebApplication->processRequest()
#10 /Users/aaron/Projekte/MA_MusikDB/musikdb/backend.php(12): CApplication->run()
#11 {main} REQUEST_URI=/Sites/musikdb/backend.php?r=releaseLogEntry
2010/11/04 20:14:36 [error] [exception.CHttpException.403] exception 'CHttpException' with message 'You are not authorized to perform this action.' in /Users/aaron/Sites/yii-1.1.4.r2429/framework/web/auth/CAccessControlFilter.php:153
Stack trace:
#0 /Users/aaron/Sites/yii-1.1.4.r2429/framework/web/auth/CAccessControlFilter.php(115): CAccessControlFilter->accessDenied(Object(WebUser), 'You are not aut...')
#1 /Users/aaron/Sites/yii-1.1.4.r2429/framework/web/filters/CFilter.php(39): CAccessControlFilter->preFilter(Object(CFilterChain))
#2 /Users/aaron/Sites/yii-1.1.4.r2429/framework/web/CController.php(1049): CFilter->filter(Object(CFilterChain))
#3 /Users/aaron/Sites/yii-1.1.4.r2429/framework/web/filters/CInlineFilter.php(59): CController->filterAccessControl(Object(CFilterChain))
#4 /Users/aaron/Sites/yii-1.1.4.r2429/framework/web/filters/CFilterChain.php(130): CInlineFilter->filter(Object(CFilterChain))
#5 /Users/aaron/Sites/yii-1.1.4.r2429/framework/web/CController.php(283): CFilterChain->run()
#6 /Users/aaron/Sites/yii-1.1.4.r2429/framework/web/CController.php(257): CController->runActionWithFilters(Object(CInlineAction), Array)
#7 /Users/aaron/Sites/yii-1.1.4.r2429/framework/web/CWebApplication.php(324): CController->run('')
#8 /Users/aaron/Sites/yii-1.1.4.r2429/framework/web/CWebApplication.php(121): CWebApplication->runController('user')
#9 /Users/aaron/Sites/yii-1.1.4.r2429/framework/base/CApplication.php(135): CWebApplication->processRequest()
#10 /Users/aaron/Projekte/MA_MusikDB/musikdb/backend.php(12): CApplication->run()
#11 {main} REQUEST_URI=/Sites/musikdb/backend.php?r=user
2010/11/04 20:14:59 [error] [exception.CHttpException.403] exception 'CHttpException' with message 'You are not authorized to perform this action.' in /Users/aaron/Sites/yii-1.1.4.r2429/framework/web/auth/CAccessControlFilter.php:153
Stack trace:
#0 /Users/aaron/Sites/yii-1.1.4.r2429/framework/web/auth/CAccessControlFilter.php(115): CAccessControlFilter->accessDenied(Object(WebUser), 'You are not aut...')
#1 /Users/aaron/Sites/yii-1.1.4.r2429/framework/web/filters/CFilter.php(39): CAccessControlFilter->preFilter(Object(CFilterChain))
#2 /Users/aaron/Sites/yii-1.1.4.r2429/framework/web/CController.php(1049): CFilter->filter(Object(CFilterChain))
#3 /Users/aaron/Sites/yii-1.1.4.r2429/framework/web/filters/CInlineFilter.php(59): CController->filterAccessControl(Object(CFilterChain))
#4 /Users/aaron/Sites/yii-1.1.4.r2429/framework/web/filters/CFilterChain.php(130): CInlineFilter->filter(Object(CFilterChain))
#5 /Users/aaron/Sites/yii-1.1.4.r2429/framework/web/CController.php(283): CFilterChain->run()
#6 /Users/aaron/Sites/yii-1.1.4.r2429/framework/web/CController.php(257): CController->runActionWithFilters(Object(CInlineAction), Array)
#7 /Users/aaron/Sites/yii-1.1.4.r2429/framework/web/CWebApplication.php(324): CController->run('')
#8 /Users/aaron/Sites/yii-1.1.4.r2429/framework/web/CWebApplication.php(121): CWebApplication->runController('user')
#9 /Users/aaron/Sites/yii-1.1.4.r2429/framework/base/CApplication.php(135): CWebApplication->processRequest()
#10 /Users/aaron/Projekte/MA_MusikDB/musikdb/backend.php(12): CApplication->run()
#11 {main} REQUEST_URI=/Sites/musikdb/backend.php?r=user
2010/11/04 20:16:27 [error] [exception.CHttpException.403] exception 'CHttpException' with message 'You are not authorized to perform this action.' in /Users/aaron/Sites/yii-1.1.4.r2429/framework/web/auth/CAccessControlFilter.php:153
Stack trace:
#0 /Users/aaron/Sites/yii-1.1.4.r2429/framework/web/auth/CAccessControlFilter.php(115): CAccessControlFilter->accessDenied(Object(WebUser), 'You are not aut...')
#1 /Users/aaron/Sites/yii-1.1.4.r2429/framework/web/filters/CFilter.php(39): CAccessControlFilter->preFilter(Object(CFilterChain))
#2 /Users/aaron/Sites/yii-1.1.4.r2429/framework/web/CController.php(1049): CFilter->filter(Object(CFilterChain))
#3 /Users/aaron/Sites/yii-1.1.4.r2429/framework/web/filters/CInlineFilter.php(59): CController->filterAccessControl(Object(CFilterChain))
#4 /Users/aaron/Sites/yii-1.1.4.r2429/framework/web/filters/CFilterChain.php(130): CInlineFilter->filter(Object(CFilterChain))
#5 /Users/aaron/Sites/yii-1.1.4.r2429/framework/web/CController.php(283): CFilterChain->run()
#6 /Users/aaron/Sites/yii-1.1.4.r2429/framework/web/CController.php(257): CController->runActionWithFilters(Object(CInlineAction), Array)
#7 /Users/aaron/Sites/yii-1.1.4.r2429/framework/web/CWebApplication.php(324): CController->run('')
#8 /Users/aaron/Sites/yii-1.1.4.r2429/framework/web/CWebApplication.php(121): CWebApplication->runController('user')
#9 /Users/aaron/Sites/yii-1.1.4.r2429/framework/base/CApplication.php(135): CWebApplication->processRequest()
#10 /Users/aaron/Projekte/MA_MusikDB/musikdb/backend.php(12): CApplication->run()
#11 {main} REQUEST_URI=/Sites/musikdb/backend.php?r=user
2010/11/04 20:16:36 [error] [exception.CHttpException.403] exception 'CHttpException' with message 'You are not authorized to perform this action.' in /Users/aaron/Sites/yii-1.1.4.r2429/framework/web/auth/CAccessControlFilter.php:153
Stack trace:
#0 /Users/aaron/Sites/yii-1.1.4.r2429/framework/web/auth/CAccessControlFilter.php(115): CAccessControlFilter->accessDenied(Object(WebUser), 'You are not aut...')
#1 /Users/aaron/Sites/yii-1.1.4.r2429/framework/web/filters/CFilter.php(39): CAccessControlFilter->preFilter(Object(CFilterChain))
#2 /Users/aaron/Sites/yii-1.1.4.r2429/framework/web/CController.php(1049): CFilter->filter(Object(CFilterChain))
#3 /Users/aaron/Sites/yii-1.1.4.r2429/framework/web/filters/CInlineFilter.php(59): CController->filterAccessControl(Object(CFilterChain))
#4 /Users/aaron/Sites/yii-1.1.4.r2429/framework/web/filters/CFilterChain.php(130): CInlineFilter->filter(Object(CFilterChain))
#5 /Users/aaron/Sites/yii-1.1.4.r2429/framework/web/CController.php(283): CFilterChain->run()
#6 /Users/aaron/Sites/yii-1.1.4.r2429/framework/web/CController.php(257): CController->runActionWithFilters(Object(CInlineAction), Array)
#7 /Users/aaron/Sites/yii-1.1.4.r2429/framework/web/CWebApplication.php(324): CController->run('')
#8 /Users/aaron/Sites/yii-1.1.4.r2429/framework/web/CWebApplication.php(121): CWebApplication->runController('user')
#9 /Users/aaron/Sites/yii-1.1.4.r2429/framework/base/CApplication.php(135): CWebApplication->processRequest()
#10 /Users/aaron/Projekte/MA_MusikDB/musikdb/backend.php(12): CApplication->run()
#11 {main} REQUEST_URI=/Sites/musikdb/backend.php?r=user
2010/11/04 20:17:45 [error] [exception.CHttpException.403] exception 'CHttpException' with message 'You are not authorized to perform this action.' in /Users/aaron/Sites/yii-1.1.4.r2429/framework/web/auth/CAccessControlFilter.php:153
Stack trace:
#0 /Users/aaron/Sites/yii-1.1.4.r2429/framework/web/auth/CAccessControlFilter.php(115): CAccessControlFilter->accessDenied(Object(WebUser), 'You are not aut...')
#1 /Users/aaron/Sites/yii-1.1.4.r2429/framework/web/filters/CFilter.php(39): CAccessControlFilter->preFilter(Object(CFilterChain))
#2 /Users/aaron/Sites/yii-1.1.4.r2429/framework/web/CController.php(1049): CFilter->filter(Object(CFilterChain))
#3 /Users/aaron/Sites/yii-1.1.4.r2429/framework/web/filters/CInlineFilter.php(59): CController->filterAccessControl(Object(CFilterChain))
#4 /Users/aaron/Sites/yii-1.1.4.r2429/framework/web/filters/CFilterChain.php(130): CInlineFilter->filter(Object(CFilterChain))
#5 /Users/aaron/Sites/yii-1.1.4.r2429/framework/web/CController.php(283): CFilterChain->run()
#6 /Users/aaron/Sites/yii-1.1.4.r2429/framework/web/CController.php(257): CController->runActionWithFilters(Object(CInlineAction), Array)
#7 /Users/aaron/Sites/yii-1.1.4.r2429/framework/web/CWebApplication.php(324): CController->run('')
#8 /Users/aaron/Sites/yii-1.1.4.r2429/framework/web/CWebApplication.php(121): CWebApplication->runController('user')
#9 /Users/aaron/Sites/yii-1.1.4.r2429/framework/base/CApplication.php(135): CWebApplication->processRequest()
#10 /Users/aaron/Projekte/MA_MusikDB/musikdb/backend.php(12): CApplication->run()
#11 {main} REQUEST_URI=/Sites/musikdb/backend.php?r=user
2010/11/04 20:18:17 [error] [exception.CHttpException.403] exception 'CHttpException' with message 'You are not authorized to perform this action.' in /Users/aaron/Sites/yii-1.1.4.r2429/framework/web/auth/CAccessControlFilter.php:153
Stack trace:
#0 /Users/aaron/Sites/yii-1.1.4.r2429/framework/web/auth/CAccessControlFilter.php(115): CAccessControlFilter->accessDenied(Object(WebUser), 'You are not aut...')
#1 /Users/aaron/Sites/yii-1.1.4.r2429/framework/web/filters/CFilter.php(39): CAccessControlFilter->preFilter(Object(CFilterChain))
#2 /Users/aaron/Sites/yii-1.1.4.r2429/framework/web/CController.php(1049): CFilter->filter(Object(CFilterChain))
#3 /Users/aaron/Sites/yii-1.1.4.r2429/framework/web/filters/CInlineFilter.php(59): CController->filterAccessControl(Object(CFilterChain))
#4 /Users/aaron/Sites/yii-1.1.4.r2429/framework/web/filters/CFilterChain.php(130): CInlineFilter->filter(Object(CFilterChain))
#5 /Users/aaron/Sites/yii-1.1.4.r2429/framework/web/CController.php(283): CFilterChain->run()
#6 /Users/aaron/Sites/yii-1.1.4.r2429/framework/web/CController.php(257): CController->runActionWithFilters(Object(CInlineAction), Array)
#7 /Users/aaron/Sites/yii-1.1.4.r2429/framework/web/CWebApplication.php(324): CController->run('')
#8 /Users/aaron/Sites/yii-1.1.4.r2429/framework/web/CWebApplication.php(121): CWebApplication->runController('user')
#9 /Users/aaron/Sites/yii-1.1.4.r2429/framework/base/CApplication.php(135): CWebApplication->processRequest()
#10 /Users/aaron/Projekte/MA_MusikDB/musikdb/backend.php(12): CApplication->run()
#11 {main} REQUEST_URI=/Sites/musikdb/backend.php?r=user
2010/11/04 20:19:12 [error] [exception.CHttpException.403] exception 'CHttpException' with message 'You are not authorized to perform this action.' in /Users/aaron/Sites/yii-1.1.4.r2429/framework/web/auth/CAccessControlFilter.php:153
Stack trace:
#0 /Users/aaron/Sites/yii-1.1.4.r2429/framework/web/auth/CAccessControlFilter.php(115): CAccessControlFilter->accessDenied(Object(WebUser), 'You are not aut...')
#1 /Users/aaron/Sites/yii-1.1.4.r2429/framework/web/filters/CFilter.php(39): CAccessControlFilter->preFilter(Object(CFilterChain))
#2 /Users/aaron/Sites/yii-1.1.4.r2429/framework/web/CController.php(1049): CFilter->filter(Object(CFilterChain))
#3 /Users/aaron/Sites/yii-1.1.4.r2429/framework/web/filters/CInlineFilter.php(59): CController->filterAccessControl(Object(CFilterChain))
#4 /Users/aaron/Sites/yii-1.1.4.r2429/framework/web/filters/CFilterChain.php(130): CInlineFilter->filter(Object(CFilterChain))
#5 /Users/aaron/Sites/yii-1.1.4.r2429/framework/web/CController.php(283): CFilterChain->run()
#6 /Users/aaron/Sites/yii-1.1.4.r2429/framework/web/CController.php(257): CController->runActionWithFilters(Object(CInlineAction), Array)
#7 /Users/aaron/Sites/yii-1.1.4.r2429/framework/web/CWebApplication.php(324): CController->run('')
#8 /Users/aaron/Sites/yii-1.1.4.r2429/framework/web/CWebApplication.php(121): CWebApplication->runController('user')
#9 /Users/aaron/Sites/yii-1.1.4.r2429/framework/base/CApplication.php(135): CWebApplication->processRequest()
#10 /Users/aaron/Projekte/MA_MusikDB/musikdb/backend.php(12): CApplication->run()
#11 {main} REQUEST_URI=/Sites/musikdb/backend.php?r=user
2010/11/04 20:19:31 [error] [exception.CHttpException.403] exception 'CHttpException' with message 'You are not authorized to perform this action.' in /Users/aaron/Sites/yii-1.1.4.r2429/framework/web/auth/CAccessControlFilter.php:153
Stack trace:
#0 /Users/aaron/Sites/yii-1.1.4.r2429/framework/web/auth/CAccessControlFilter.php(115): CAccessControlFilter->accessDenied(Object(WebUser), 'You are not aut...')
#1 /Users/aaron/Sites/yii-1.1.4.r2429/framework/web/filters/CFilter.php(39): CAccessControlFilter->preFilter(Object(CFilterChain))
#2 /Users/aaron/Sites/yii-1.1.4.r2429/framework/web/CController.php(1049): CFilter->filter(Object(CFilterChain))
#3 /Users/aaron/Sites/yii-1.1.4.r2429/framework/web/filters/CInlineFilter.php(59): CController->filterAccessControl(Object(CFilterChain))
#4 /Users/aaron/Sites/yii-1.1.4.r2429/framework/web/filters/CFilterChain.php(130): CInlineFilter->filter(Object(CFilterChain))
#5 /Users/aaron/Sites/yii-1.1.4.r2429/framework/web/CController.php(283): CFilterChain->run()
#6 /Users/aaron/Sites/yii-1.1.4.r2429/framework/web/CController.php(257): CController->runActionWithFilters(Object(CInlineAction), Array)
#7 /Users/aaron/Sites/yii-1.1.4.r2429/framework/web/CWebApplication.php(324): CController->run('')
#8 /Users/aaron/Sites/yii-1.1.4.r2429/framework/web/CWebApplication.php(121): CWebApplication->runController('user')
#9 /Users/aaron/Sites/yii-1.1.4.r2429/framework/base/CApplication.php(135): CWebApplication->processRequest()
#10 /Users/aaron/Projekte/MA_MusikDB/musikdb/backend.php(12): CApplication->run()
#11 {main} REQUEST_URI=/Sites/musikdb/backend.php?r=user
2010/11/04 20:22:32 [error] [exception.CException] exception 'CException' with message 'Property "WebUser._id" is not defined.' in /Users/aaron/Sites/yii-1.1.4.r2429/framework/base/CComponent.php:131
Stack trace:
#0 /Users/aaron/Sites/yii-1.1.4.r2429/framework/web/auth/CWebUser.php(108): CComponent->__get('_id')
#1 /Users/aaron/Projekte/MA_MusikDB/musikdb/protected/components/WebUser.php(17): CWebUser->__get('_id')
#2 /Users/aaron/Sites/yii-1.1.4.r2429/framework/base/CComponent.php(112): WebUser->getId()
#3 /Users/aaron/Sites/yii-1.1.4.r2429/framework/web/auth/CWebUser.php(108): CComponent->__get('id')
#4 /Users/aaron/Projekte/MA_MusikDB/musikdb/protected/components/WebUser.php(10): CWebUser->__get('id')
#5 /Users/aaron/Sites/yii-1.1.4.r2429/framework/base/CComponent.php(616) : eval()'d code(1): WebUser->isAdmin()
#6 /Users/aaron/Sites/yii-1.1.4.r2429/framework/base/CComponent.php(616): eval()
#7 /Users/aaron/Sites/yii-1.1.4.r2429/framework/web/auth/CAccessControlFilter.php(337): CComponent->evaluateExpression('$user->isAdmin(...', Array)
#8 /Users/aaron/Sites/yii-1.1.4.r2429/framework/web/auth/CAccessControlFilter.php(240): CAccessRule->isExpressionMatched(Object(WebUser))
#9 /Users/aaron/Sites/yii-1.1.4.r2429/framework/web/auth/CAccessControlFilter.php(111): CAccessRule->isUserAllowed(Object(WebUser), Object(UserController), Object(CInlineAction), '::1', 'GET')
#10 /Users/aaron/Sites/yii-1.1.4.r2429/framework/web/filters/CFilter.php(39): CAccessControlFilter->preFilter(Object(CFilterChain))
#11 /Users/aaron/Sites/yii-1.1.4.r2429/framework/web/CController.php(1049): CFilter->filter(Object(CFilterChain))
#12 /Users/aaron/Sites/yii-1.1.4.r2429/framework/web/filters/CInlineFilter.php(59): CController->filterAccessControl(Object(CFilterChain))
#13 /Users/aaron/Sites/yii-1.1.4.r2429/framework/web/filters/CFilterChain.php(130): CInlineFilter->filter(Object(CFilterChain))
#14 /Users/aaron/Sites/yii-1.1.4.r2429/framework/web/CController.php(283): CFilterChain->run()
#15 /Users/aaron/Sites/yii-1.1.4.r2429/framework/web/CController.php(257): CController->runActionWithFilters(Object(CInlineAction), Array)
#16 /Users/aaron/Sites/yii-1.1.4.r2429/framework/web/CWebApplication.php(324): CController->run('')
#17 /Users/aaron/Sites/yii-1.1.4.r2429/framework/web/CWebApplication.php(121): CWebApplication->runController('user')
#18 /Users/aaron/Sites/yii-1.1.4.r2429/framework/base/CApplication.php(135): CWebApplication->processRequest()
#19 /Users/aaron/Projekte/MA_MusikDB/musikdb/backend.php(12): CApplication->run()
#20 {main} REQUEST_URI=/Sites/musikdb/backend.php?r=user
2010/11/04 21:01:34 [error] [exception.CException] exception 'CException' with message 'Property "CWebApplication.version" is not defined.' in /Users/aaron/Sites/yii-1.1.4.r2429/framework/base/CComponent.php:131
Stack trace:
#0 /Users/aaron/Sites/yii-1.1.4.r2429/framework/base/CModule.php(88): CComponent->__get('version')
#1 /Users/aaron/Projekte/MA_MusikDB/musikdb/protected/views/layouts/main.php(10): CModule->__get('version')
#2 /Users/aaron/Sites/yii-1.1.4.r2429/framework/web/CBaseController.php(119): require('/Users/aaron/Pr...')
#3 /Users/aaron/Sites/yii-1.1.4.r2429/framework/web/CBaseController.php(88): CBaseController->renderInternal('/Users/aaron/Pr...', Array, true)
#4 /Users/aaron/Sites/yii-1.1.4.r2429/framework/web/widgets/CContentDecorator.php(78): CBaseController->renderFile('/Users/aaron/Pr...', Array, true)
#5 /Users/aaron/Sites/yii-1.1.4.r2429/framework/web/widgets/CContentDecorator.php(56): CContentDecorator->decorate('<div class="con...')
#6 /Users/aaron/Sites/yii-1.1.4.r2429/framework/web/widgets/COutputProcessor.php(45): CContentDecorator->processOutput('<div class="con...')
#7 /Users/aaron/Sites/yii-1.1.4.r2429/framework/web/CBaseController.php(199): COutputProcessor->run()
#8 /Users/aaron/Sites/yii-1.1.4.r2429/framework/web/CBaseController.php(294): CBaseController->endWidget('CContentDecorat...')
#9 /Users/aaron/Projekte/MA_MusikDB/musikdb/protected/backend/views/layouts/column2.php(23): CBaseController->endContent()
#10 /Users/aaron/Sites/yii-1.1.4.r2429/framework/web/CBaseController.php(119): require('/Users/aaron/Pr...')
#11 /Users/aaron/Sites/yii-1.1.4.r2429/framework/web/CBaseController.php(88): CBaseController->renderInternal('/Users/aaron/Pr...', Array, true)
#12 /Users/aaron/Sites/yii-1.1.4.r2429/framework/web/CController.php(741): CBaseController->renderFile('/Users/aaron/Pr...', Array, true)
#13 /Users/aaron/Projekte/MA_MusikDB/musikdb/protected/backend/controllers/UserController.php(97): CController->render('index', Array)
#14 /Users/aaron/Sites/yii-1.1.4.r2429/framework/web/actions/CInlineAction.php(50): UserController->actionIndex()
#15 /Users/aaron/Sites/yii-1.1.4.r2429/framework/web/CController.php(300): CInlineAction->run()
#16 /Users/aaron/Sites/yii-1.1.4.r2429/framework/web/filters/CFilterChain.php(133): CController->runAction(Object(CInlineAction))
#17 /Users/aaron/Sites/yii-1.1.4.r2429/framework/web/filters/CFilter.php(41): CFilterChain->run()
#18 /Users/aaron/Sites/yii-1.1.4.r2429/framework/web/CController.php(1049): CFilter->filter(Object(CFilterChain))
#19 /Users/aaron/Sites/yii-1.1.4.r2429/framework/web/filters/CInlineFilter.php(59): CController->filterAccessControl(Object(CFilterChain))
#20 /Users/aaron/Sites/yii-1.1.4.r2429/framework/web/filters/CFilterChain.php(130): CInlineFilter->filter(Object(CFilterChain))
#21 /Users/aaron/Sites/yii-1.1.4.r2429/framework/web/CController.php(283): CFilterChain->run()
#22 /Users/aaron/Sites/yii-1.1.4.r2429/framework/web/CController.php(257): CController->runActionWithFilters(Object(CInlineAction), Array)
#23 /Users/aaron/Sites/yii-1.1.4.r2429/framework/web/CWebApplication.php(324): CController->run('')
#24 /Users/aaron/Sites/yii-1.1.4.r2429/framework/web/CWebApplication.php(121): CWebApplication->runController('user')
#25 /Users/aaron/Sites/yii-1.1.4.r2429/framework/base/CApplication.php(135): CWebApplication->processRequest()
#26 /Users/aaron/Projekte/MA_MusikDB/musikdb/backend.php(12): CApplication->run()
#27 {main} REQUEST_URI=/Sites/musikdb/backend.php?r=user
2010/11/04 21:02:18 [error] [exception.CException] exception 'CException' with message 'Property "CWebApplication.version" is not defined.' in /Users/aaron/Sites/yii-1.1.4.r2429/framework/base/CComponent.php:131
Stack trace:
#0 /Users/aaron/Sites/yii-1.1.4.r2429/framework/base/CModule.php(88): CComponent->__get('version')
#1 /Users/aaron/Projekte/MA_MusikDB/musikdb/protected/views/layouts/main.php(10): CModule->__get('version')
#2 /Users/aaron/Sites/yii-1.1.4.r2429/framework/web/CBaseController.php(119): require('/Users/aaron/Pr...')
#3 /Users/aaron/Sites/yii-1.1.4.r2429/framework/web/CBaseController.php(88): CBaseController->renderInternal('/Users/aaron/Pr...', Array, true)
#4 /Users/aaron/Sites/yii-1.1.4.r2429/framework/web/widgets/CContentDecorator.php(78): CBaseController->renderFile('/Users/aaron/Pr...', Array, true)
#5 /Users/aaron/Sites/yii-1.1.4.r2429/framework/web/widgets/CContentDecorator.php(56): CContentDecorator->decorate('<div class="con...')
#6 /Users/aaron/Sites/yii-1.1.4.r2429/framework/web/widgets/COutputProcessor.php(45): CContentDecorator->processOutput('<div class="con...')
#7 /Users/aaron/Sites/yii-1.1.4.r2429/framework/web/CBaseController.php(199): COutputProcessor->run()
#8 /Users/aaron/Sites/yii-1.1.4.r2429/framework/web/CBaseController.php(294): CBaseController->endWidget('CContentDecorat...')
#9 /Users/aaron/Projekte/MA_MusikDB/musikdb/protected/backend/views/layouts/column2.php(23): CBaseController->endContent()
#10 /Users/aaron/Sites/yii-1.1.4.r2429/framework/web/CBaseController.php(119): require('/Users/aaron/Pr...')
#11 /Users/aaron/Sites/yii-1.1.4.r2429/framework/web/CBaseController.php(88): CBaseController->renderInternal('/Users/aaron/Pr...', Array, true)
#12 /Users/aaron/Sites/yii-1.1.4.r2429/framework/web/CController.php(741): CBaseController->renderFile('/Users/aaron/Pr...', Array, true)
#13 /Users/aaron/Projekte/MA_MusikDB/musikdb/protected/backend/controllers/UserController.php(97): CController->render('index', Array)
#14 /Users/aaron/Sites/yii-1.1.4.r2429/framework/web/actions/CInlineAction.php(50): UserController->actionIndex()
#15 /Users/aaron/Sites/yii-1.1.4.r2429/framework/web/CController.php(300): CInlineAction->run()
#16 /Users/aaron/Sites/yii-1.1.4.r2429/framework/web/filters/CFilterChain.php(133): CController->runAction(Object(CInlineAction))
#17 /Users/aaron/Sites/yii-1.1.4.r2429/framework/web/filters/CFilter.php(41): CFilterChain->run()
#18 /Users/aaron/Sites/yii-1.1.4.r2429/framework/web/CController.php(1049): CFilter->filter(Object(CFilterChain))
#19 /Users/aaron/Sites/yii-1.1.4.r2429/framework/web/filters/CInlineFilter.php(59): CController->filterAccessControl(Object(CFilterChain))
#20 /Users/aaron/Sites/yii-1.1.4.r2429/framework/web/filters/CFilterChain.php(130): CInlineFilter->filter(Object(CFilterChain))
#21 /Users/aaron/Sites/yii-1.1.4.r2429/framework/web/CController.php(283): CFilterChain->run()
#22 /Users/aaron/Sites/yii-1.1.4.r2429/framework/web/CController.php(257): CController->runActionWithFilters(Object(CInlineAction), Array)
#23 /Users/aaron/Sites/yii-1.1.4.r2429/framework/web/CWebApplication.php(324): CController->run('')
#24 /Users/aaron/Sites/yii-1.1.4.r2429/framework/web/CWebApplication.php(121): CWebApplication->runController('user')
#25 /Users/aaron/Sites/yii-1.1.4.r2429/framework/base/CApplication.php(135): CWebApplication->processRequest()
#26 /Users/aaron/Projekte/MA_MusikDB/musikdb/backend.php(12): CApplication->run()
#27 {main} REQUEST_URI=/Sites/musikdb/backend.php?r=user
2010/11/04 21:02:39 [error] [exception.CException] exception 'CException' with message 'Property "CWebApplication.version" is not defined.' in /Users/aaron/Sites/yii-1.1.4.r2429/framework/base/CComponent.php:131
Stack trace:
#0 /Users/aaron/Sites/yii-1.1.4.r2429/framework/base/CModule.php(88): CComponent->__get('version')
#1 /Users/aaron/Projekte/MA_MusikDB/musikdb/protected/views/layouts/main.php(10): CModule->__get('version')
#2 /Users/aaron/Sites/yii-1.1.4.r2429/framework/web/CBaseController.php(119): require('/Users/aaron/Pr...')
#3 /Users/aaron/Sites/yii-1.1.4.r2429/framework/web/CBaseController.php(88): CBaseController->renderInternal('/Users/aaron/Pr...', Array, true)
#4 /Users/aaron/Sites/yii-1.1.4.r2429/framework/web/widgets/CContentDecorator.php(78): CBaseController->renderFile('/Users/aaron/Pr...', Array, true)
#5 /Users/aaron/Sites/yii-1.1.4.r2429/framework/web/widgets/CContentDecorator.php(56): CContentDecorator->decorate('<div class="con...')
#6 /Users/aaron/Sites/yii-1.1.4.r2429/framework/web/widgets/COutputProcessor.php(45): CContentDecorator->processOutput('<div class="con...')
#7 /Users/aaron/Sites/yii-1.1.4.r2429/framework/web/CBaseController.php(199): COutputProcessor->run()
#8 /Users/aaron/Sites/yii-1.1.4.r2429/framework/web/CBaseController.php(294): CBaseController->endWidget('CContentDecorat...')
#9 /Users/aaron/Projekte/MA_MusikDB/musikdb/protected/backend/views/layouts/column2.php(23): CBaseController->endContent()
#10 /Users/aaron/Sites/yii-1.1.4.r2429/framework/web/CBaseController.php(119): require('/Users/aaron/Pr...')
#11 /Users/aaron/Sites/yii-1.1.4.r2429/framework/web/CBaseController.php(88): CBaseController->renderInternal('/Users/aaron/Pr...', Array, true)
#12 /Users/aaron/Sites/yii-1.1.4.r2429/framework/web/CController.php(741): CBaseController->renderFile('/Users/aaron/Pr...', Array, true)
#13 /Users/aaron/Projekte/MA_MusikDB/musikdb/protected/backend/controllers/UserController.php(97): CController->render('index', Array)
#14 /Users/aaron/Sites/yii-1.1.4.r2429/framework/web/actions/CInlineAction.php(50): UserController->actionIndex()
#15 /Users/aaron/Sites/yii-1.1.4.r2429/framework/web/CController.php(300): CInlineAction->run()
#16 /Users/aaron/Sites/yii-1.1.4.r2429/framework/web/filters/CFilterChain.php(133): CController->runAction(Object(CInlineAction))
#17 /Users/aaron/Sites/yii-1.1.4.r2429/framework/web/filters/CFilter.php(41): CFilterChain->run()
#18 /Users/aaron/Sites/yii-1.1.4.r2429/framework/web/CController.php(1049): CFilter->filter(Object(CFilterChain))
#19 /Users/aaron/Sites/yii-1.1.4.r2429/framework/web/filters/CInlineFilter.php(59): CController->filterAccessControl(Object(CFilterChain))
#20 /Users/aaron/Sites/yii-1.1.4.r2429/framework/web/filters/CFilterChain.php(130): CInlineFilter->filter(Object(CFilterChain))
#21 /Users/aaron/Sites/yii-1.1.4.r2429/framework/web/CController.php(283): CFilterChain->run()
#22 /Users/aaron/Sites/yii-1.1.4.r2429/framework/web/CController.php(257): CController->runActionWithFilters(Object(CInlineAction), Array)
#23 /Users/aaron/Sites/yii-1.1.4.r2429/framework/web/CWebApplication.php(324): CController->run('')
#24 /Users/aaron/Sites/yii-1.1.4.r2429/framework/web/CWebApplication.php(121): CWebApplication->runController('user')
#25 /Users/aaron/Sites/yii-1.1.4.r2429/framework/base/CApplication.php(135): CWebApplication->processRequest()
#26 /Users/aaron/Projekte/MA_MusikDB/musikdb/backend.php(12): CApplication->run()
#27 {main} REQUEST_URI=/Sites/musikdb/backend.php?r=user
2010/11/04 21:03:31 [error] [exception.CException] exception 'CException' with message 'Property "CWebApplication.version" is not defined.' in /Users/aaron/Sites/yii-1.1.4.r2429/framework/base/CComponent.php:131
Stack trace:
#0 /Users/aaron/Sites/yii-1.1.4.r2429/framework/base/CModule.php(88): CComponent->__get('version')
#1 /Users/aaron/Projekte/MA_MusikDB/musikdb/protected/views/layouts/main.php(10): CModule->__get('version')
#2 /Users/aaron/Sites/yii-1.1.4.r2429/framework/web/CBaseController.php(119): require('/Users/aaron/Pr...')
#3 /Users/aaron/Sites/yii-1.1.4.r2429/framework/web/CBaseController.php(88): CBaseController->renderInternal('/Users/aaron/Pr...', Array, true)
#4 /Users/aaron/Sites/yii-1.1.4.r2429/framework/web/widgets/CContentDecorator.php(78): CBaseController->renderFile('/Users/aaron/Pr...', Array, true)
#5 /Users/aaron/Sites/yii-1.1.4.r2429/framework/web/widgets/CContentDecorator.php(56): CContentDecorator->decorate('<div class="con...')
#6 /Users/aaron/Sites/yii-1.1.4.r2429/framework/web/widgets/COutputProcessor.php(45): CContentDecorator->processOutput('<div class="con...')
#7 /Users/aaron/Sites/yii-1.1.4.r2429/framework/web/CBaseController.php(199): COutputProcessor->run()
#8 /Users/aaron/Sites/yii-1.1.4.r2429/framework/web/CBaseController.php(294): CBaseController->endWidget('CContentDecorat...')
#9 /Users/aaron/Projekte/MA_MusikDB/musikdb/protected/backend/views/layouts/column2.php(23): CBaseController->endContent()
#10 /Users/aaron/Sites/yii-1.1.4.r2429/framework/web/CBaseController.php(119): require('/Users/aaron/Pr...')
#11 /Users/aaron/Sites/yii-1.1.4.r2429/framework/web/CBaseController.php(88): CBaseController->renderInternal('/Users/aaron/Pr...', Array, true)
#12 /Users/aaron/Sites/yii-1.1.4.r2429/framework/web/CController.php(741): CBaseController->renderFile('/Users/aaron/Pr...', Array, true)
#13 /Users/aaron/Projekte/MA_MusikDB/musikdb/protected/backend/controllers/UserController.php(97): CController->render('index', Array)
#14 /Users/aaron/Sites/yii-1.1.4.r2429/framework/web/actions/CInlineAction.php(50): UserController->actionIndex()
#15 /Users/aaron/Sites/yii-1.1.4.r2429/framework/web/CController.php(300): CInlineAction->run()
#16 /Users/aaron/Sites/yii-1.1.4.r2429/framework/web/filters/CFilterChain.php(133): CController->runAction(Object(CInlineAction))
#17 /Users/aaron/Sites/yii-1.1.4.r2429/framework/web/filters/CFilter.php(41): CFilterChain->run()
#18 /Users/aaron/Sites/yii-1.1.4.r2429/framework/web/CController.php(1049): CFilter->filter(Object(CFilterChain))
#19 /Users/aaron/Sites/yii-1.1.4.r2429/framework/web/filters/CInlineFilter.php(59): CController->filterAccessControl(Object(CFilterChain))
#20 /Users/aaron/Sites/yii-1.1.4.r2429/framework/web/filters/CFilterChain.php(130): CInlineFilter->filter(Object(CFilterChain))
#21 /Users/aaron/Sites/yii-1.1.4.r2429/framework/web/CController.php(283): CFilterChain->run()
#22 /Users/aaron/Sites/yii-1.1.4.r2429/framework/web/CController.php(257): CController->runActionWithFilters(Object(CInlineAction), Array)
#23 /Users/aaron/Sites/yii-1.1.4.r2429/framework/web/CWebApplication.php(324): CController->run('')
#24 /Users/aaron/Sites/yii-1.1.4.r2429/framework/web/CWebApplication.php(121): CWebApplication->runController('user')
#25 /Users/aaron/Sites/yii-1.1.4.r2429/framework/base/CApplication.php(135): CWebApplication->processRequest()
#26 /Users/aaron/Projekte/MA_MusikDB/musikdb/backend.php(12): CApplication->run()
#27 {main} REQUEST_URI=/Sites/musikdb/backend.php?r=user
2010/11/04 21:04:14 [error] [exception.CException] exception 'CException' with message 'Property "CWebApplication.version" is not defined.' in /Users/aaron/Sites/yii-1.1.4.r2429/framework/base/CComponent.php:131
Stack trace:
#0 /Users/aaron/Sites/yii-1.1.4.r2429/framework/base/CModule.php(88): CComponent->__get('version')
#1 /Users/aaron/Projekte/MA_MusikDB/musikdb/protected/views/layouts/main.php(10): CModule->__get('version')
#2 /Users/aaron/Sites/yii-1.1.4.r2429/framework/web/CBaseController.php(119): require('/Users/aaron/Pr...')
#3 /Users/aaron/Sites/yii-1.1.4.r2429/framework/web/CBaseController.php(88): CBaseController->renderInternal('/Users/aaron/Pr...', Array, true)
#4 /Users/aaron/Sites/yii-1.1.4.r2429/framework/web/widgets/CContentDecorator.php(78): CBaseController->renderFile('/Users/aaron/Pr...', Array, true)
#5 /Users/aaron/Sites/yii-1.1.4.r2429/framework/web/widgets/CContentDecorator.php(56): CContentDecorator->decorate('<div class="con...')
#6 /Users/aaron/Sites/yii-1.1.4.r2429/framework/web/widgets/COutputProcessor.php(45): CContentDecorator->processOutput('<div class="con...')
#7 /Users/aaron/Sites/yii-1.1.4.r2429/framework/web/CBaseController.php(199): COutputProcessor->run()
#8 /Users/aaron/Sites/yii-1.1.4.r2429/framework/web/CBaseController.php(294): CBaseController->endWidget('CContentDecorat...')
#9 /Users/aaron/Projekte/MA_MusikDB/musikdb/protected/backend/views/layouts/column2.php(23): CBaseController->endContent()
#10 /Users/aaron/Sites/yii-1.1.4.r2429/framework/web/CBaseController.php(119): require('/Users/aaron/Pr...')
#11 /Users/aaron/Sites/yii-1.1.4.r2429/framework/web/CBaseController.php(88): CBaseController->renderInternal('/Users/aaron/Pr...', Array, true)
#12 /Users/aaron/Sites/yii-1.1.4.r2429/framework/web/CController.php(741): CBaseController->renderFile('/Users/aaron/Pr...', Array, true)
#13 /Users/aaron/Projekte/MA_MusikDB/musikdb/protected/backend/controllers/UserController.php(97): CController->render('index', Array)
#14 /Users/aaron/Sites/yii-1.1.4.r2429/framework/web/actions/CInlineAction.php(50): UserController->actionIndex()
#15 /Users/aaron/Sites/yii-1.1.4.r2429/framework/web/CController.php(300): CInlineAction->run()
#16 /Users/aaron/Sites/yii-1.1.4.r2429/framework/web/filters/CFilterChain.php(133): CController->runAction(Object(CInlineAction))
#17 /Users/aaron/Sites/yii-1.1.4.r2429/framework/web/filters/CFilter.php(41): CFilterChain->run()
#18 /Users/aaron/Sites/yii-1.1.4.r2429/framework/web/CController.php(1049): CFilter->filter(Object(CFilterChain))
#19 /Users/aaron/Sites/yii-1.1.4.r2429/framework/web/filters/CInlineFilter.php(59): CController->filterAccessControl(Object(CFilterChain))
#20 /Users/aaron/Sites/yii-1.1.4.r2429/framework/web/filters/CFilterChain.php(130): CInlineFilter->filter(Object(CFilterChain))
#21 /Users/aaron/Sites/yii-1.1.4.r2429/framework/web/CController.php(283): CFilterChain->run()
#22 /Users/aaron/Sites/yii-1.1.4.r2429/framework/web/CController.php(257): CController->runActionWithFilters(Object(CInlineAction), Array)
#23 /Users/aaron/Sites/yii-1.1.4.r2429/framework/web/CWebApplication.php(324): CController->run('')
#24 /Users/aaron/Sites/yii-1.1.4.r2429/framework/web/CWebApplication.php(121): CWebApplication->runController('user')
#25 /Users/aaron/Sites/yii-1.1.4.r2429/framework/base/CApplication.php(135): CWebApplication->processRequest()
#26 /Users/aaron/Projekte/MA_MusikDB/musikdb/backend.php(12): CApplication->run()
#27 {main} REQUEST_URI=/Sites/musikdb/backend.php?r=user
2010/11/04 21:04:28 [error] [exception.CException] exception 'CException' with message 'Property "CWebApplication.version" is not defined.' in /Users/aaron/Sites/yii-1.1.4.r2429/framework/base/CComponent.php:131
Stack trace:
#0 /Users/aaron/Sites/yii-1.1.4.r2429/framework/base/CModule.php(88): CComponent->__get('version')
#1 /Users/aaron/Projekte/MA_MusikDB/musikdb/protected/views/layouts/main.php(10): CModule->__get('version')
#2 /Users/aaron/Sites/yii-1.1.4.r2429/framework/web/CBaseController.php(119): require('/Users/aaron/Pr...')
#3 /Users/aaron/Sites/yii-1.1.4.r2429/framework/web/CBaseController.php(88): CBaseController->renderInternal('/Users/aaron/Pr...', Array, true)
#4 /Users/aaron/Sites/yii-1.1.4.r2429/framework/web/widgets/CContentDecorator.php(78): CBaseController->renderFile('/Users/aaron/Pr...', Array, true)
#5 /Users/aaron/Sites/yii-1.1.4.r2429/framework/web/widgets/CContentDecorator.php(56): CContentDecorator->decorate('<div class="con...')
#6 /Users/aaron/Sites/yii-1.1.4.r2429/framework/web/widgets/COutputProcessor.php(45): CContentDecorator->processOutput('<div class="con...')
#7 /Users/aaron/Sites/yii-1.1.4.r2429/framework/web/CBaseController.php(199): COutputProcessor->run()
#8 /Users/aaron/Sites/yii-1.1.4.r2429/framework/web/CBaseController.php(294): CBaseController->endWidget('CContentDecorat...')
#9 /Users/aaron/Projekte/MA_MusikDB/musikdb/protected/backend/views/layouts/column2.php(23): CBaseController->endContent()
#10 /Users/aaron/Sites/yii-1.1.4.r2429/framework/web/CBaseController.php(119): require('/Users/aaron/Pr...')
#11 /Users/aaron/Sites/yii-1.1.4.r2429/framework/web/CBaseController.php(88): CBaseController->renderInternal('/Users/aaron/Pr...', Array, true)
#12 /Users/aaron/Sites/yii-1.1.4.r2429/framework/web/CController.php(741): CBaseController->renderFile('/Users/aaron/Pr...', Array, true)
#13 /Users/aaron/Projekte/MA_MusikDB/musikdb/protected/backend/controllers/UserController.php(97): CController->render('index', Array)
#14 /Users/aaron/Sites/yii-1.1.4.r2429/framework/web/actions/CInlineAction.php(50): UserController->actionIndex()
#15 /Users/aaron/Sites/yii-1.1.4.r2429/framework/web/CController.php(300): CInlineAction->run()
#16 /Users/aaron/Sites/yii-1.1.4.r2429/framework/web/filters/CFilterChain.php(133): CController->runAction(Object(CInlineAction))
#17 /Users/aaron/Sites/yii-1.1.4.r2429/framework/web/filters/CFilter.php(41): CFilterChain->run()
#18 /Users/aaron/Sites/yii-1.1.4.r2429/framework/web/CController.php(1049): CFilter->filter(Object(CFilterChain))
#19 /Users/aaron/Sites/yii-1.1.4.r2429/framework/web/filters/CInlineFilter.php(59): CController->filterAccessControl(Object(CFilterChain))
#20 /Users/aaron/Sites/yii-1.1.4.r2429/framework/web/filters/CFilterChain.php(130): CInlineFilter->filter(Object(CFilterChain))
#21 /Users/aaron/Sites/yii-1.1.4.r2429/framework/web/CController.php(283): CFilterChain->run()
#22 /Users/aaron/Sites/yii-1.1.4.r2429/framework/web/CController.php(257): CController->runActionWithFilters(Object(CInlineAction), Array)
#23 /Users/aaron/Sites/yii-1.1.4.r2429/framework/web/CWebApplication.php(324): CController->run('')
#24 /Users/aaron/Sites/yii-1.1.4.r2429/framework/web/CWebApplication.php(121): CWebApplication->runController('user')
#25 /Users/aaron/Sites/yii-1.1.4.r2429/framework/base/CApplication.php(135): CWebApplication->processRequest()
#26 /Users/aaron/Projekte/MA_MusikDB/musikdb/backend.php(12): CApplication->run()
#27 {main} REQUEST_URI=/Sites/musikdb/backend.php?r=user
2010/11/04 21:04:46 [error] [exception.CException] exception 'CException' with message 'Property "CWebApplication.version" is not defined.' in /Users/aaron/Sites/yii-1.1.4.r2429/framework/base/CComponent.php:131
Stack trace:
#0 /Users/aaron/Sites/yii-1.1.4.r2429/framework/base/CModule.php(88): CComponent->__get('version')
#1 /Users/aaron/Projekte/MA_MusikDB/musikdb/protected/views/layouts/main.php(10): CModule->__get('version')
#2 /Users/aaron/Sites/yii-1.1.4.r2429/framework/web/CBaseController.php(119): require('/Users/aaron/Pr...')
#3 /Users/aaron/Sites/yii-1.1.4.r2429/framework/web/CBaseController.php(88): CBaseController->renderInternal('/Users/aaron/Pr...', Array, true)
#4 /Users/aaron/Sites/yii-1.1.4.r2429/framework/web/widgets/CContentDecorator.php(78): CBaseController->renderFile('/Users/aaron/Pr...', Array, true)
#5 /Users/aaron/Sites/yii-1.1.4.r2429/framework/web/widgets/CContentDecorator.php(56): CContentDecorator->decorate('<div class="con...')
#6 /Users/aaron/Sites/yii-1.1.4.r2429/framework/web/widgets/COutputProcessor.php(45): CContentDecorator->processOutput('<div class="con...')
#7 /Users/aaron/Sites/yii-1.1.4.r2429/framework/web/CBaseController.php(199): COutputProcessor->run()
#8 /Users/aaron/Sites/yii-1.1.4.r2429/framework/web/CBaseController.php(294): CBaseController->endWidget('CContentDecorat...')
#9 /Users/aaron/Projekte/MA_MusikDB/musikdb/protected/backend/views/layouts/column2.php(23): CBaseController->endContent()
#10 /Users/aaron/Sites/yii-1.1.4.r2429/framework/web/CBaseController.php(119): require('/Users/aaron/Pr...')
#11 /Users/aaron/Sites/yii-1.1.4.r2429/framework/web/CBaseController.php(88): CBaseController->renderInternal('/Users/aaron/Pr...', Array, true)
#12 /Users/aaron/Sites/yii-1.1.4.r2429/framework/web/CController.php(741): CBaseController->renderFile('/Users/aaron/Pr...', Array, true)
#13 /Users/aaron/Projekte/MA_MusikDB/musikdb/protected/backend/controllers/UserController.php(97): CController->render('index', Array)
#14 /Users/aaron/Sites/yii-1.1.4.r2429/framework/web/actions/CInlineAction.php(50): UserController->actionIndex()
#15 /Users/aaron/Sites/yii-1.1.4.r2429/framework/web/CController.php(300): CInlineAction->run()
#16 /Users/aaron/Sites/yii-1.1.4.r2429/framework/web/filters/CFilterChain.php(133): CController->runAction(Object(CInlineAction))
#17 /Users/aaron/Sites/yii-1.1.4.r2429/framework/web/filters/CFilter.php(41): CFilterChain->run()
#18 /Users/aaron/Sites/yii-1.1.4.r2429/framework/web/CController.php(1049): CFilter->filter(Object(CFilterChain))
#19 /Users/aaron/Sites/yii-1.1.4.r2429/framework/web/filters/CInlineFilter.php(59): CController->filterAccessControl(Object(CFilterChain))
#20 /Users/aaron/Sites/yii-1.1.4.r2429/framework/web/filters/CFilterChain.php(130): CInlineFilter->filter(Object(CFilterChain))
#21 /Users/aaron/Sites/yii-1.1.4.r2429/framework/web/CController.php(283): CFilterChain->run()
#22 /Users/aaron/Sites/yii-1.1.4.r2429/framework/web/CController.php(257): CController->runActionWithFilters(Object(CInlineAction), Array)
#23 /Users/aaron/Sites/yii-1.1.4.r2429/framework/web/CWebApplication.php(324): CController->run('')
#24 /Users/aaron/Sites/yii-1.1.4.r2429/framework/web/CWebApplication.php(121): CWebApplication->runController('user')
#25 /Users/aaron/Sites/yii-1.1.4.r2429/framework/base/CApplication.php(135): CWebApplication->processRequest()
#26 /Users/aaron/Projekte/MA_MusikDB/musikdb/backend.php(12): CApplication->run()
#27 {main} REQUEST_URI=/Sites/musikdb/backend.php?r=user
2010/11/04 21:50:29 [error] [exception.CHttpException.404] exception 'CHttpException' with message 'The system is unable to find the requested action "users".' in /Users/aaron/Sites/yii-1.1.4.r2429/framework/web/CController.php:439
Stack trace:
#0 /Users/aaron/Sites/yii-1.1.4.r2429/framework/web/CController.php(262): CController->missingAction('users')
#1 /Users/aaron/Sites/yii-1.1.4.r2429/framework/web/CWebApplication.php(324): CController->run('users')
#2 /Users/aaron/Sites/yii-1.1.4.r2429/framework/web/CWebApplication.php(121): CWebApplication->runController('site/users')
#3 /Users/aaron/Sites/yii-1.1.4.r2429/framework/base/CApplication.php(135): CWebApplication->processRequest()
#4 /Users/aaron/Projekte/MA_MusikDB/musikdb/backend.php(14): CApplication->run()
#5 {main} REQUEST_URI=/Sites/musikdb/backend.php?r=site/users
2010/11/04 21:50:45 [error] [exception.CHttpException.404] exception 'CHttpException' with message 'Unable to resolve the request "users/list".' in /Users/aaron/Sites/yii-1.1.4.r2429/framework/web/CWebApplication.php:328
Stack trace:
#0 /Users/aaron/Sites/yii-1.1.4.r2429/framework/web/CWebApplication.php(121): CWebApplication->runController('users/list')
#1 /Users/aaron/Sites/yii-1.1.4.r2429/framework/base/CApplication.php(135): CWebApplication->processRequest()
#2 /Users/aaron/Projekte/MA_MusikDB/musikdb/backend.php(14): CApplication->run()
#3 {main} REQUEST_URI=/Sites/musikdb/backend.php?r=users/list
2010/11/04 21:50:51 [error] [exception.CHttpException.404] exception 'CHttpException' with message 'Unable to resolve the request "users/list".' in /Users/aaron/Sites/yii-1.1.4.r2429/framework/web/CWebApplication.php:328
Stack trace:
#0 /Users/aaron/Sites/yii-1.1.4.r2429/framework/web/CWebApplication.php(121): CWebApplication->runController('users/list')
#1 /Users/aaron/Sites/yii-1.1.4.r2429/framework/base/CApplication.php(135): CWebApplication->processRequest()
#2 /Users/aaron/Projekte/MA_MusikDB/musikdb/backend.php(14): CApplication->run()
#3 {main} REQUEST_URI=/Sites/musikdb/backend.php?r=users/list
2010/11/04 21:50:54 [error] [exception.CHttpException.404] exception 'CHttpException' with message 'The system is unable to find the requested action "list".' in /Users/aaron/Sites/yii-1.1.4.r2429/framework/web/CController.php:439
Stack trace:
#0 /Users/aaron/Sites/yii-1.1.4.r2429/framework/web/CController.php(262): CController->missingAction('list')
#1 /Users/aaron/Sites/yii-1.1.4.r2429/framework/web/CWebApplication.php(324): CController->run('list')
#2 /Users/aaron/Sites/yii-1.1.4.r2429/framework/web/CWebApplication.php(121): CWebApplication->runController('user/list')
#3 /Users/aaron/Sites/yii-1.1.4.r2429/framework/base/CApplication.php(135): CWebApplication->processRequest()
#4 /Users/aaron/Projekte/MA_MusikDB/musikdb/backend.php(14): CApplication->run()
#5 {main} REQUEST_URI=/Sites/musikdb/backend.php?r=user/list
2010/11/04 21:51:51 [error] [exception.CHttpException.404] exception 'CHttpException' with message 'The system is unable to find the requested action "manage".' in /Users/aaron/Sites/yii-1.1.4.r2429/framework/web/CController.php:439
Stack trace:
#0 /Users/aaron/Sites/yii-1.1.4.r2429/framework/web/CController.php(262): CController->missingAction('manage')
#1 /Users/aaron/Sites/yii-1.1.4.r2429/framework/web/CWebApplication.php(324): CController->run('manage')
#2 /Users/aaron/Sites/yii-1.1.4.r2429/framework/web/CWebApplication.php(121): CWebApplication->runController('user/manage')
#3 /Users/aaron/Sites/yii-1.1.4.r2429/framework/base/CApplication.php(135): CWebApplication->processRequest()
#4 /Users/aaron/Projekte/MA_MusikDB/musikdb/backend.php(14): CApplication->run()
#5 {main} REQUEST_URI=/Sites/musikdb/backend.php?r=user/manage
2010/11/04 22:02:32 [error] [exception.CHttpException.403] exception 'CHttpException' with message 'You are not authorized to perform this action.' in /Users/aaron/Sites/yii-1.1.4.r2429/framework/web/auth/CAccessControlFilter.php:153
Stack trace:
#0 /Users/aaron/Sites/yii-1.1.4.r2429/framework/web/auth/CAccessControlFilter.php(115): CAccessControlFilter->accessDenied(Object(WebUser), 'You are not aut...')
#1 /Users/aaron/Sites/yii-1.1.4.r2429/framework/web/filters/CFilter.php(39): CAccessControlFilter->preFilter(Object(CFilterChain))
#2 /Users/aaron/Sites/yii-1.1.4.r2429/framework/web/CController.php(1049): CFilter->filter(Object(CFilterChain))
#3 /Users/aaron/Sites/yii-1.1.4.r2429/framework/web/filters/CInlineFilter.php(59): CController->filterAccessControl(Object(CFilterChain))
#4 /Users/aaron/Sites/yii-1.1.4.r2429/framework/web/filters/CFilterChain.php(130): CInlineFilter->filter(Object(CFilterChain))
#5 /Users/aaron/Sites/yii-1.1.4.r2429/framework/web/CController.php(283): CFilterChain->run()
#6 /Users/aaron/Sites/yii-1.1.4.r2429/framework/web/CController.php(257): CController->runActionWithFilters(Object(CInlineAction), Array)
#7 /Users/aaron/Sites/yii-1.1.4.r2429/framework/web/CWebApplication.php(324): CController->run('')
#8 /Users/aaron/Sites/yii-1.1.4.r2429/framework/web/CWebApplication.php(121): CWebApplication->runController('')
#9 /Users/aaron/Sites/yii-1.1.4.r2429/framework/base/CApplication.php(135): CWebApplication->processRequest()
#10 /Users/aaron/Projekte/MA_MusikDB/musikdb/backend.php(14): CApplication->run()
#11 {main} REQUEST_URI=/Sites/musikdb/backend.php
2010/11/04 22:02:42 [error] [exception.CHttpException.403] exception 'CHttpException' with message 'You are not authorized to perform this action.' in /Users/aaron/Sites/yii-1.1.4.r2429/framework/web/auth/CAccessControlFilter.php:153
Stack trace:
#0 /Users/aaron/Sites/yii-1.1.4.r2429/framework/web/auth/CAccessControlFilter.php(115): CAccessControlFilter->accessDenied(Object(WebUser), 'You are not aut...')
#1 /Users/aaron/Sites/yii-1.1.4.r2429/framework/web/filters/CFilter.php(39): CAccessControlFilter->preFilter(Object(CFilterChain))
#2 /Users/aaron/Sites/yii-1.1.4.r2429/framework/web/CController.php(1049): CFilter->filter(Object(CFilterChain))
#3 /Users/aaron/Sites/yii-1.1.4.r2429/framework/web/filters/CInlineFilter.php(59): CController->filterAccessControl(Object(CFilterChain))
#4 /Users/aaron/Sites/yii-1.1.4.r2429/framework/web/filters/CFilterChain.php(130): CInlineFilter->filter(Object(CFilterChain))
#5 /Users/aaron/Sites/yii-1.1.4.r2429/framework/web/CController.php(283): CFilterChain->run()
#6 /Users/aaron/Sites/yii-1.1.4.r2429/framework/web/CController.php(257): CController->runActionWithFilters(Object(CInlineAction), Array)
#7 /Users/aaron/Sites/yii-1.1.4.r2429/framework/web/CWebApplication.php(324): CController->run('')
#8 /Users/aaron/Sites/yii-1.1.4.r2429/framework/web/CWebApplication.php(121): CWebApplication->runController('')
#9 /Users/aaron/Sites/yii-1.1.4.r2429/framework/base/CApplication.php(135): CWebApplication->processRequest()
#10 /Users/aaron/Projekte/MA_MusikDB/musikdb/backend.php(14): CApplication->run()
#11 {main} REQUEST_URI=/Sites/musikdb/backend.php
2010/11/04 22:03:55 [error] [exception.CHttpException.403] exception 'CHttpException' with message 'You are not authorized to perform this action.' in /Users/aaron/Sites/yii-1.1.4.r2429/framework/web/auth/CAccessControlFilter.php:153
Stack trace:
#0 /Users/aaron/Sites/yii-1.1.4.r2429/framework/web/auth/CAccessControlFilter.php(115): CAccessControlFilter->accessDenied(Object(WebUser), 'You are not aut...')
#1 /Users/aaron/Sites/yii-1.1.4.r2429/framework/web/filters/CFilter.php(39): CAccessControlFilter->preFilter(Object(CFilterChain))
#2 /Users/aaron/Sites/yii-1.1.4.r2429/framework/web/CController.php(1049): CFilter->filter(Object(CFilterChain))
#3 /Users/aaron/Sites/yii-1.1.4.r2429/framework/web/filters/CInlineFilter.php(59): CController->filterAccessControl(Object(CFilterChain))
#4 /Users/aaron/Sites/yii-1.1.4.r2429/framework/web/filters/CFilterChain.php(130): CInlineFilter->filter(Object(CFilterChain))
#5 /Users/aaron/Sites/yii-1.1.4.r2429/framework/web/CController.php(283): CFilterChain->run()
#6 /Users/aaron/Sites/yii-1.1.4.r2429/framework/web/CController.php(257): CController->runActionWithFilters(Object(CInlineAction), Array)
#7 /Users/aaron/Sites/yii-1.1.4.r2429/framework/web/CWebApplication.php(324): CController->run('')
#8 /Users/aaron/Sites/yii-1.1.4.r2429/framework/web/CWebApplication.php(121): CWebApplication->runController('')
#9 /Users/aaron/Sites/yii-1.1.4.r2429/framework/base/CApplication.php(135): CWebApplication->processRequest()
#10 /Users/aaron/Projekte/MA_MusikDB/musikdb/backend.php(14): CApplication->run()
#11 {main} REQUEST_URI=/Sites/musikdb/backend.php
2010/11/04 22:04:14 [error] [exception.CHttpException.403] exception 'CHttpException' with message 'You are not authorized to perform this action.' in /Users/aaron/Sites/yii-1.1.4.r2429/framework/web/auth/CAccessControlFilter.php:153
Stack trace:
#0 /Users/aaron/Sites/yii-1.1.4.r2429/framework/web/auth/CAccessControlFilter.php(115): CAccessControlFilter->accessDenied(Object(WebUser), 'You are not aut...')
#1 /Users/aaron/Sites/yii-1.1.4.r2429/framework/web/filters/CFilter.php(39): CAccessControlFilter->preFilter(Object(CFilterChain))
#2 /Users/aaron/Sites/yii-1.1.4.r2429/framework/web/CController.php(1049): CFilter->filter(Object(CFilterChain))
#3 /Users/aaron/Sites/yii-1.1.4.r2429/framework/web/filters/CInlineFilter.php(59): CController->filterAccessControl(Object(CFilterChain))
#4 /Users/aaron/Sites/yii-1.1.4.r2429/framework/web/filters/CFilterChain.php(130): CInlineFilter->filter(Object(CFilterChain))
#5 /Users/aaron/Sites/yii-1.1.4.r2429/framework/web/CController.php(283): CFilterChain->run()
#6 /Users/aaron/Sites/yii-1.1.4.r2429/framework/web/CController.php(257): CController->runActionWithFilters(Object(CInlineAction), Array)
#7 /Users/aaron/Sites/yii-1.1.4.r2429/framework/web/CWebApplication.php(324): CController->run('')
#8 /Users/aaron/Sites/yii-1.1.4.r2429/framework/web/CWebApplication.php(121): CWebApplication->runController('')
#9 /Users/aaron/Sites/yii-1.1.4.r2429/framework/base/CApplication.php(135): CWebApplication->processRequest()
#10 /Users/aaron/Projekte/MA_MusikDB/musikdb/backend.php(14): CApplication->run()
#11 {main} REQUEST_URI=/Sites/musikdb/backend.php
2010/11/04 22:04:44 [error] [exception.CHttpException.403] exception 'CHttpException' with message 'You are not authorized to perform this action.' in /Users/aaron/Sites/yii-1.1.4.r2429/framework/web/auth/CAccessControlFilter.php:153
Stack trace:
#0 /Users/aaron/Sites/yii-1.1.4.r2429/framework/web/auth/CAccessControlFilter.php(115): CAccessControlFilter->accessDenied(Object(WebUser), 'You are not aut...')
#1 /Users/aaron/Sites/yii-1.1.4.r2429/framework/web/filters/CFilter.php(39): CAccessControlFilter->preFilter(Object(CFilterChain))
#2 /Users/aaron/Sites/yii-1.1.4.r2429/framework/web/CController.php(1049): CFilter->filter(Object(CFilterChain))
#3 /Users/aaron/Sites/yii-1.1.4.r2429/framework/web/filters/CInlineFilter.php(59): CController->filterAccessControl(Object(CFilterChain))
#4 /Users/aaron/Sites/yii-1.1.4.r2429/framework/web/filters/CFilterChain.php(130): CInlineFilter->filter(Object(CFilterChain))
#5 /Users/aaron/Sites/yii-1.1.4.r2429/framework/web/CController.php(283): CFilterChain->run()
#6 /Users/aaron/Sites/yii-1.1.4.r2429/framework/web/CController.php(257): CController->runActionWithFilters(Object(CInlineAction), Array)
#7 /Users/aaron/Sites/yii-1.1.4.r2429/framework/web/CWebApplication.php(324): CController->run('')
#8 /Users/aaron/Sites/yii-1.1.4.r2429/framework/web/CWebApplication.php(121): CWebApplication->runController('')
#9 /Users/aaron/Sites/yii-1.1.4.r2429/framework/base/CApplication.php(135): CWebApplication->processRequest()
#10 /Users/aaron/Projekte/MA_MusikDB/musikdb/backend.php(14): CApplication->run()
#11 {main} REQUEST_URI=/Sites/musikdb/backend.php
2010/11/04 22:04:46 [error] [exception.CHttpException.403] exception 'CHttpException' with message 'You are not authorized to perform this action.' in /Users/aaron/Sites/yii-1.1.4.r2429/framework/web/auth/CAccessControlFilter.php:153
Stack trace:
#0 /Users/aaron/Sites/yii-1.1.4.r2429/framework/web/auth/CAccessControlFilter.php(115): CAccessControlFilter->accessDenied(Object(WebUser), 'You are not aut...')
#1 /Users/aaron/Sites/yii-1.1.4.r2429/framework/web/filters/CFilter.php(39): CAccessControlFilter->preFilter(Object(CFilterChain))
#2 /Users/aaron/Sites/yii-1.1.4.r2429/framework/web/CController.php(1049): CFilter->filter(Object(CFilterChain))
#3 /Users/aaron/Sites/yii-1.1.4.r2429/framework/web/filters/CInlineFilter.php(59): CController->filterAccessControl(Object(CFilterChain))
#4 /Users/aaron/Sites/yii-1.1.4.r2429/framework/web/filters/CFilterChain.php(130): CInlineFilter->filter(Object(CFilterChain))
#5 /Users/aaron/Sites/yii-1.1.4.r2429/framework/web/CController.php(283): CFilterChain->run()
#6 /Users/aaron/Sites/yii-1.1.4.r2429/framework/web/CController.php(257): CController->runActionWithFilters(Object(CInlineAction), Array)
#7 /Users/aaron/Sites/yii-1.1.4.r2429/framework/web/CWebApplication.php(324): CController->run('')
#8 /Users/aaron/Sites/yii-1.1.4.r2429/framework/web/CWebApplication.php(121): CWebApplication->runController('')
#9 /Users/aaron/Sites/yii-1.1.4.r2429/framework/base/CApplication.php(135): CWebApplication->processRequest()
#10 /Users/aaron/Projekte/MA_MusikDB/musikdb/backend.php(14): CApplication->run()
#11 {main} REQUEST_URI=/Sites/musikdb/backend.php
2010/11/04 22:04:49 [error] [exception.CHttpException.403] exception 'CHttpException' with message 'You are not authorized to perform this action.' in /Users/aaron/Sites/yii-1.1.4.r2429/framework/web/auth/CAccessControlFilter.php:153
Stack trace:
#0 /Users/aaron/Sites/yii-1.1.4.r2429/framework/web/auth/CAccessControlFilter.php(115): CAccessControlFilter->accessDenied(Object(WebUser), 'You are not aut...')
#1 /Users/aaron/Sites/yii-1.1.4.r2429/framework/web/filters/CFilter.php(39): CAccessControlFilter->preFilter(Object(CFilterChain))
#2 /Users/aaron/Sites/yii-1.1.4.r2429/framework/web/CController.php(1049): CFilter->filter(Object(CFilterChain))
#3 /Users/aaron/Sites/yii-1.1.4.r2429/framework/web/filters/CInlineFilter.php(59): CController->filterAccessControl(Object(CFilterChain))
#4 /Users/aaron/Sites/yii-1.1.4.r2429/framework/web/filters/CFilterChain.php(130): CInlineFilter->filter(Object(CFilterChain))
#5 /Users/aaron/Sites/yii-1.1.4.r2429/framework/web/CController.php(283): CFilterChain->run()
#6 /Users/aaron/Sites/yii-1.1.4.r2429/framework/web/CController.php(257): CController->runActionWithFilters(Object(CInlineAction), Array)
#7 /Users/aaron/Sites/yii-1.1.4.r2429/framework/web/CWebApplication.php(324): CController->run('')
#8 /Users/aaron/Sites/yii-1.1.4.r2429/framework/web/CWebApplication.php(121): CWebApplication->runController('')
#9 /Users/aaron/Sites/yii-1.1.4.r2429/framework/base/CApplication.php(135): CWebApplication->processRequest()
#10 /Users/aaron/Projekte/MA_MusikDB/musikdb/backend.php(14): CApplication->run()
#11 {main} REQUEST_URI=/Sites/musikdb/backend.php
2010/11/04 22:08:19 [error] [exception.CHttpException.403] exception 'CHttpException' with message 'You are not authorized to perform this action.' in /Users/aaron/Sites/yii-1.1.4.r2429/framework/web/auth/CAccessControlFilter.php:153
Stack trace:
#0 /Users/aaron/Sites/yii-1.1.4.r2429/framework/web/auth/CAccessControlFilter.php(115): CAccessControlFilter->accessDenied(Object(WebUser), 'You are not aut...')
#1 /Users/aaron/Sites/yii-1.1.4.r2429/framework/web/filters/CFilter.php(39): CAccessControlFilter->preFilter(Object(CFilterChain))
#2 /Users/aaron/Sites/yii-1.1.4.r2429/framework/web/CController.php(1049): CFilter->filter(Object(CFilterChain))
#3 /Users/aaron/Sites/yii-1.1.4.r2429/framework/web/filters/CInlineFilter.php(59): CController->filterAccessControl(Object(CFilterChain))
#4 /Users/aaron/Sites/yii-1.1.4.r2429/framework/web/filters/CFilterChain.php(130): CInlineFilter->filter(Object(CFilterChain))
#5 /Users/aaron/Sites/yii-1.1.4.r2429/framework/web/CController.php(283): CFilterChain->run()
#6 /Users/aaron/Sites/yii-1.1.4.r2429/framework/web/CController.php(257): CController->runActionWithFilters(Object(CInlineAction), Array)
#7 /Users/aaron/Sites/yii-1.1.4.r2429/framework/web/CWebApplication.php(324): CController->run('')
#8 /Users/aaron/Sites/yii-1.1.4.r2429/framework/web/CWebApplication.php(121): CWebApplication->runController('')
#9 /Users/aaron/Sites/yii-1.1.4.r2429/framework/base/CApplication.php(135): CWebApplication->processRequest()
#10 /Users/aaron/Projekte/MA_MusikDB/musikdb/backend.php(14): CApplication->run()
#11 {main} REQUEST_URI=/Sites/musikdb/backend.php
2010/11/04 22:08:28 [error] [exception.CHttpException.403] exception 'CHttpException' with message 'You are not authorized to perform this action.' in /Users/aaron/Sites/yii-1.1.4.r2429/framework/web/auth/CAccessControlFilter.php:153
Stack trace:
#0 /Users/aaron/Sites/yii-1.1.4.r2429/framework/web/auth/CAccessControlFilter.php(115): CAccessControlFilter->accessDenied(Object(WebUser), 'You are not aut...')
#1 /Users/aaron/Sites/yii-1.1.4.r2429/framework/web/filters/CFilter.php(39): CAccessControlFilter->preFilter(Object(CFilterChain))
#2 /Users/aaron/Sites/yii-1.1.4.r2429/framework/web/CController.php(1049): CFilter->filter(Object(CFilterChain))
#3 /Users/aaron/Sites/yii-1.1.4.r2429/framework/web/filters/CInlineFilter.php(59): CController->filterAccessControl(Object(CFilterChain))
#4 /Users/aaron/Sites/yii-1.1.4.r2429/framework/web/filters/CFilterChain.php(130): CInlineFilter->filter(Object(CFilterChain))
#5 /Users/aaron/Sites/yii-1.1.4.r2429/framework/web/CController.php(283): CFilterChain->run()
#6 /Users/aaron/Sites/yii-1.1.4.r2429/framework/web/CController.php(257): CController->runActionWithFilters(Object(CInlineAction), Array)
#7 /Users/aaron/Sites/yii-1.1.4.r2429/framework/web/CWebApplication.php(324): CController->run('admin')
#8 /Users/aaron/Sites/yii-1.1.4.r2429/framework/web/CWebApplication.php(121): CWebApplication->runController('user/admin')
#9 /Users/aaron/Sites/yii-1.1.4.r2429/framework/base/CApplication.php(135): CWebApplication->processRequest()
#10 /Users/aaron/Projekte/MA_MusikDB/musikdb/backend.php(14): CApplication->run()
#11 {main} REQUEST_URI=/Sites/musikdb/backend.php?r=user/admin
2010/11/04 22:08:29 [error] [exception.CHttpException.403] exception 'CHttpException' with message 'You are not authorized to perform this action.' in /Users/aaron/Sites/yii-1.1.4.r2429/framework/web/auth/CAccessControlFilter.php:153
Stack trace:
#0 /Users/aaron/Sites/yii-1.1.4.r2429/framework/web/auth/CAccessControlFilter.php(115): CAccessControlFilter->accessDenied(Object(WebUser), 'You are not aut...')
#1 /Users/aaron/Sites/yii-1.1.4.r2429/framework/web/filters/CFilter.php(39): CAccessControlFilter->preFilter(Object(CFilterChain))
#2 /Users/aaron/Sites/yii-1.1.4.r2429/framework/web/CController.php(1049): CFilter->filter(Object(CFilterChain))
#3 /Users/aaron/Sites/yii-1.1.4.r2429/framework/web/filters/CInlineFilter.php(59): CController->filterAccessControl(Object(CFilterChain))
#4 /Users/aaron/Sites/yii-1.1.4.r2429/framework/web/filters/CFilterChain.php(130): CInlineFilter->filter(Object(CFilterChain))
#5 /Users/aaron/Sites/yii-1.1.4.r2429/framework/web/CController.php(283): CFilterChain->run()
#6 /Users/aaron/Sites/yii-1.1.4.r2429/framework/web/CController.php(257): CController->runActionWithFilters(Object(CInlineAction), Array)
#7 /Users/aaron/Sites/yii-1.1.4.r2429/framework/web/CWebApplication.php(324): CController->run('admin')
#8 /Users/aaron/Sites/yii-1.1.4.r2429/framework/web/CWebApplication.php(121): CWebApplication->runController('releaseLogEntry...')
#9 /Users/aaron/Sites/yii-1.1.4.r2429/framework/base/CApplication.php(135): CWebApplication->processRequest()
#10 /Users/aaron/Projekte/MA_MusikDB/musikdb/backend.php(14): CApplication->run()
#11 {main} REQUEST_URI=/Sites/musikdb/backend.php?r=releaseLogEntry/admin
2010/11/05 12:28:35 [error] [exception.CHttpException.403] exception 'CHttpException' with message 'You are not authorized to perform this action.' in /Users/aaron/Sites/yii-1.1.4.r2429/framework/web/auth/CAccessControlFilter.php:153
Stack trace:
#0 /Users/aaron/Sites/yii-1.1.4.r2429/framework/web/auth/CAccessControlFilter.php(115): CAccessControlFilter->accessDenied(Object(WebUser), 'You are not aut...')
#1 /Users/aaron/Sites/yii-1.1.4.r2429/framework/web/filters/CFilter.php(39): CAccessControlFilter->preFilter(Object(CFilterChain))
#2 /Users/aaron/Sites/yii-1.1.4.r2429/framework/web/CController.php(1049): CFilter->filter(Object(CFilterChain))
#3 /Users/aaron/Sites/yii-1.1.4.r2429/framework/web/filters/CInlineFilter.php(59): CController->filterAccessControl(Object(CFilterChain))
#4 /Users/aaron/Sites/yii-1.1.4.r2429/framework/web/filters/CFilterChain.php(130): CInlineFilter->filter(Object(CFilterChain))
#5 /Users/aaron/Sites/yii-1.1.4.r2429/framework/web/CController.php(283): CFilterChain->run()
#6 /Users/aaron/Sites/yii-1.1.4.r2429/framework/web/CController.php(257): CController->runActionWithFilters(Object(CInlineAction), Array)
#7 /Users/aaron/Sites/yii-1.1.4.r2429/framework/web/CWebApplication.php(324): CController->run('')
#8 /Users/aaron/Sites/yii-1.1.4.r2429/framework/web/CWebApplication.php(121): CWebApplication->runController('')
#9 /Users/aaron/Sites/yii-1.1.4.r2429/framework/base/CApplication.php(135): CWebApplication->processRequest()
#10 /Users/aaron/Projekte/MA_MusikDB/musikdb/backend.php(14): CApplication->run()
#11 {main} REQUEST_URI=/Sites/musikdb/backend.php
2010/11/05 16:08:39 [error] [exception.CHttpException.403] exception 'CHttpException' with message 'You are not authorized to perform this action.' in /Users/aaron/Sites/yii-1.1.4.r2429/framework/web/auth/CAccessControlFilter.php:153
Stack trace:
#0 /Users/aaron/Sites/yii-1.1.4.r2429/framework/web/auth/CAccessControlFilter.php(115): CAccessControlFilter->accessDenied(Object(WebUser), 'You are not aut...')
#1 /Users/aaron/Sites/yii-1.1.4.r2429/framework/web/filters/CFilter.php(39): CAccessControlFilter->preFilter(Object(CFilterChain))
#2 /Users/aaron/Sites/yii-1.1.4.r2429/framework/web/CController.php(1049): CFilter->filter(Object(CFilterChain))
#3 /Users/aaron/Sites/yii-1.1.4.r2429/framework/web/filters/CInlineFilter.php(59): CController->filterAccessControl(Object(CFilterChain))
#4 /Users/aaron/Sites/yii-1.1.4.r2429/framework/web/filters/CFilterChain.php(130): CInlineFilter->filter(Object(CFilterChain))
#5 /Users/aaron/Sites/yii-1.1.4.r2429/framework/web/CController.php(283): CFilterChain->run()
#6 /Users/aaron/Sites/yii-1.1.4.r2429/framework/web/CController.php(257): CController->runActionWithFilters(Object(CInlineAction), Array)
#7 /Users/aaron/Sites/yii-1.1.4.r2429/framework/web/CWebApplication.php(324): CController->run('admin')
#8 /Users/aaron/Sites/yii-1.1.4.r2429/framework/web/CWebApplication.php(121): CWebApplication->runController('accesstoken/adm...')
#9 /Users/aaron/Sites/yii-1.1.4.r2429/framework/base/CApplication.php(135): CWebApplication->processRequest()
#10 /Users/aaron/Projekte/MA_MusikDB/musikdb/backend.php(14): CApplication->run()
#11 {main} REQUEST_URI=/Sites/musikdb/backend.php?r=accesstoken/admin
2010/11/05 16:24:20 [error] [exception.CHttpException.404] exception 'CHttpException' with message 'The system is unable to find the requested action "login".' in /Users/aaron/Sites/yii-1.1.4.r2429/framework/web/CController.php:439
Stack trace:
#0 /Users/aaron/Sites/yii-1.1.4.r2429/framework/web/CController.php(262): CController->missingAction('login')
#1 /Users/aaron/Sites/yii-1.1.4.r2429/framework/web/CWebApplication.php(324): CController->run('login')
#2 /Users/aaron/Sites/yii-1.1.4.r2429/framework/web/CWebApplication.php(121): CWebApplication->runController('site/login')
#3 /Users/aaron/Sites/yii-1.1.4.r2429/framework/base/CApplication.php(135): CWebApplication->processRequest()
#4 /Users/aaron/Projekte/MA_MusikDB/musikdb/backend.php(14): CApplication->run()
#5 {main} REQUEST_URI=/Sites/musikdb/backend.php?r=site/login
2010/11/06 12:35:58 [error] [exception.CHttpException.403] exception 'CHttpException' with message 'You are not authorized to perform this action.' in /Users/aaron/Sites/yii-1.1.4.r2429/framework/web/auth/CAccessControlFilter.php:153
Stack trace:
#0 /Users/aaron/Sites/yii-1.1.4.r2429/framework/web/auth/CAccessControlFilter.php(115): CAccessControlFilter->accessDenied(Object(WebUser), 'You are not aut...')
#1 /Users/aaron/Sites/yii-1.1.4.r2429/framework/web/filters/CFilter.php(39): CAccessControlFilter->preFilter(Object(CFilterChain))
#2 /Users/aaron/Sites/yii-1.1.4.r2429/framework/web/CController.php(1049): CFilter->filter(Object(CFilterChain))
#3 /Users/aaron/Sites/yii-1.1.4.r2429/framework/web/filters/CInlineFilter.php(59): CController->filterAccessControl(Object(CFilterChain))
#4 /Users/aaron/Sites/yii-1.1.4.r2429/framework/web/filters/CFilterChain.php(130): CInlineFilter->filter(Object(CFilterChain))
#5 /Users/aaron/Sites/yii-1.1.4.r2429/framework/web/CController.php(283): CFilterChain->run()
#6 /Users/aaron/Sites/yii-1.1.4.r2429/framework/web/CController.php(257): CController->runActionWithFilters(Object(CInlineAction), Array)
#7 /Users/aaron/Sites/yii-1.1.4.r2429/framework/web/CWebApplication.php(324): CController->run('admin')
#8 /Users/aaron/Sites/yii-1.1.4.r2429/framework/web/CWebApplication.php(121): CWebApplication->runController('userprofile/adm...')
#9 /Users/aaron/Sites/yii-1.1.4.r2429/framework/base/CApplication.php(135): CWebApplication->processRequest()
#10 /Users/aaron/Projekte/MA_MusikDB/musikdb/backend.php(14): CApplication->run()
#11 {main} REQUEST_URI=/Sites/musikdb/backend.php/userprofile/admin
